<?xml version="1.0" encoding="UTF-8"?>
<testsuite xmlns:xsi="http://www.w3.org/2001/XMLSchema-instance" xsi:noNamespaceSchemaLocation="https://maven.apache.org/surefire/maven-surefire-plugin/xsd/surefire-test-report-3.0.xsd" version="3.0" name="com.veterinary.VeterinaryApplicationTest" time="2.189" tests="7" errors="0" skipped="0" failures="0">
  <properties>
[...]
</properties>
  <testcase name="testMongoConnectionIsNotNull" classname="com.veterinary.VeterinaryApplicationTest" time="0.001">
    <system-out><![CDATA[23:30:20.335 [cluster-ClusterId{value='6a3849dc61d0570d87c08252', description='null'}-srv-veterinary.5nopo6y.mongodb.net] DEBUG org.mongodb.driver.connection - Connection pool created for ac-ec7v7ls-shard-00-02.5nopo6y.mongodb.net:27017 using options maxIdleTimeMS=0, minPoolSize=0, maxPoolSize=100, maxConnecting=2, waitQueueTimeoutMS=120000
23:30:20.336 [cluster-ClusterId{value='6a3849dc61d0570d87c08252', description='null'}-srv-veterinary.5nopo6y.mongodb.net] INFO org.mongodb.driver.cluster - Adding discovered server ac-ec7v7ls-shard-00-00.5nopo6y.mongodb.net:27017 to client view of cluster
23:30:20.349 [main] INFO org.mongodb.driver.client - MongoClient with metadata {"driver": {"name": "mongo-java-driver|sync", "version": "4.11.1"}, "os": {"type": "Windows", "name": "Windows 11", "architecture": "amd64", "version": "10.0"}, "platform": "Java/Oracle Corporation/23.0.1+11-39"} created with settings MongoClientSettings{readPreference=primary, writeConcern=WriteConcern{w=majority, wTimeout=null ms, journal=null}, retryWrites=true, retryReads=true, readConcern=ReadConcern{level=null}, credential=MongoCredential{mechanism=null, userName='yonimonigm_db_user', source='admin', password=<hidden>, mechanismProperties=<hidden>}, transportSettings=null, streamFactoryFactory=null, commandListeners=[], codecRegistry=ProvidersCodecRegistry{codecProviders=[ValueCodecProvider{}, BsonValueCodecProvider{}, DBRefCodecProvider{}, DBObjectCodecProvider{}, DocumentCodecProvider{}, CollectionCodecProvider{}, IterableCodecProvider{}, MapCodecProvider{}, GeoJsonCodecProvider{}, GridFSFileCodecProvider{}, Jsr310CodecProvider{}, JsonObjectCodecProvider{}, BsonCodecProvider{}, EnumCodecProvider{}, com.mongodb.client.model.mql.ExpressionCodecProvider@3533df16, com.mongodb.Jep395RecordCodecProvider@15d0849, com.mongodb.KotlinCodecProvider@4038cd3a]}, loggerSettings=LoggerSettings{maxDocumentLength=1000}, clusterSettings={hosts=[127.0.0.1:27017], srvHost=veterinary.5nopo6y.mongodb.net, srvServiceName=mongodb, mode=MULTIPLE, requiredClusterType=REPLICA_SET, requiredReplicaSetName='atlas-monhqq-shard-0', serverSelector='null', clusterListeners='[]', serverSelectionTimeout='30000 ms', localThreshold='15 ms'}, socketSettings=SocketSettings{connectTimeoutMS=10000, readTimeoutMS=0, receiveBufferSize=0, proxySettings=ProxySettings{host=null, port=null, username=null, password=null}}, heartbeatSocketSettings=SocketSettings{connectTimeoutMS=10000, readTimeoutMS=10000, receiveBufferSize=0, proxySettings=ProxySettings{host=null, port=null, username=null, password=null}}, connectionPoolSettings=ConnectionPoolSettings{maxSize=100, minSize=0, maxWaitTimeMS=120000, maxConnectionLifeTimeMS=0, maxConnectionIdleTimeMS=0, maintenanceInitialDelayMS=0, maintenanceFrequencyMS=60000, connectionPoolListeners=[], maxConnecting=2}, serverSettings=ServerSettings{heartbeatFrequencyMS=10000, minHeartbeatFrequencyMS=500, serverListeners='[]', serverMonitorListeners='[]'}, sslSettings=SslSettings{enabled=true, invalidHostNameAllowed=false, context=null}, applicationName='null', compressorList=[], uuidRepresentation=UNSPECIFIED, serverApi=null, autoEncryptionSettings=null, dnsClient=null, inetAddressResolver=null, contextProvider=null}
]]></system-out>
  </testcase>
  <testcase name="testMainAppCompilesAndRuns" classname="com.veterinary.VeterinaryApplicationTest" time="0.001"/>
  <testcase name="testLoadTestDataDoesNotThrow" classname="com.veterinary.VeterinaryApplicationTest" time="1.524">
    <system-out><![CDATA[>>> Завантаження даних в MongoDB...
23:30:20.361 [cluster-ClusterId{value='6a3849dc61d0570d87c08252', description='null'}-srv-veterinary.5nopo6y.mongodb.net] DEBUG org.mongodb.driver.connection - Connection pool created for ac-ec7v7ls-shard-00-00.5nopo6y.mongodb.net:27017 using options maxIdleTimeMS=0, minPoolSize=0, maxPoolSize=100, maxConnecting=2, waitQueueTimeoutMS=120000
23:30:20.363 [cluster-ClusterId{value='6a3849dc61d0570d87c08252', description='null'}-srv-veterinary.5nopo6y.mongodb.net] DEBUG org.mongodb.driver.cluster - Updating cluster description to  {type=REPLICA_SET, servers=[{address=ac-ec7v7ls-shard-00-01.5nopo6y.mongodb.net:27017, type=UNKNOWN, state=CONNECTING}, {address=ac-ec7v7ls-shard-00-02.5nopo6y.mongodb.net:27017, type=UNKNOWN, state=CONNECTING}, {address=ac-ec7v7ls-shard-00-00.5nopo6y.mongodb.net:27017, type=UNKNOWN, state=CONNECTING}]
23:30:20.384 [cluster-ClusterId{value='6a3849dc61d0570d87c08253', description='null'}-srv-veterinary.5nopo6y.mongodb.net] INFO org.mongodb.driver.cluster - Adding discovered server ac-ec7v7ls-shard-00-01.5nopo6y.mongodb.net:27017 to client view of cluster
23:30:20.388 [cluster-ClusterId{value='6a3849dc61d0570d87c08253', description='null'}-srv-veterinary.5nopo6y.mongodb.net] DEBUG org.mongodb.driver.connection - Connection pool created for ac-ec7v7ls-shard-00-01.5nopo6y.mongodb.net:27017 using options maxIdleTimeMS=0, minPoolSize=0, maxPoolSize=100, maxConnecting=2, waitQueueTimeoutMS=120000
23:30:20.389 [cluster-ClusterId{value='6a3849dc61d0570d87c08253', description='null'}-srv-veterinary.5nopo6y.mongodb.net] INFO org.mongodb.driver.cluster - Adding discovered server ac-ec7v7ls-shard-00-02.5nopo6y.mongodb.net:27017 to client view of cluster
23:30:20.393 [cluster-ClusterId{value='6a3849dc61d0570d87c08253', description='null'}-srv-veterinary.5nopo6y.mongodb.net] DEBUG org.mongodb.driver.connection - Connection pool created for ac-ec7v7ls-shard-00-02.5nopo6y.mongodb.net:27017 using options maxIdleTimeMS=0, minPoolSize=0, maxPoolSize=100, maxConnecting=2, waitQueueTimeoutMS=120000
23:30:20.393 [cluster-ClusterId{value='6a3849dc61d0570d87c08253', description='null'}-srv-veterinary.5nopo6y.mongodb.net] INFO org.mongodb.driver.cluster - Adding discovered server ac-ec7v7ls-shard-00-00.5nopo6y.mongodb.net:27017 to client view of cluster
23:30:20.397 [cluster-ClusterId{value='6a3849dc61d0570d87c08253', description='null'}-srv-veterinary.5nopo6y.mongodb.net] DEBUG org.mongodb.driver.connection - Connection pool created for ac-ec7v7ls-shard-00-00.5nopo6y.mongodb.net:27017 using options maxIdleTimeMS=0, minPoolSize=0, maxPoolSize=100, maxConnecting=2, waitQueueTimeoutMS=120000
23:30:20.397 [cluster-ClusterId{value='6a3849dc61d0570d87c08253', description='null'}-srv-veterinary.5nopo6y.mongodb.net] DEBUG org.mongodb.driver.cluster - Updating cluster description to  {type=REPLICA_SET, servers=[{address=ac-ec7v7ls-shard-00-01.5nopo6y.mongodb.net:27017, type=UNKNOWN, state=CONNECTING}, {address=ac-ec7v7ls-shard-00-02.5nopo6y.mongodb.net:27017, type=UNKNOWN, state=CONNECTING}, {address=ac-ec7v7ls-shard-00-00.5nopo6y.mongodb.net:27017, type=UNKNOWN, state=CONNECTING}]
23:30:20.503 [main] INFO org.mongodb.driver.cluster - No server chosen by WritableServerSelector from cluster description ClusterDescription{type=REPLICA_SET, connectionMode=MULTIPLE, serverDescriptions=[ServerDescription{address=ac-ec7v7ls-shard-00-01.5nopo6y.mongodb.net:27017, type=UNKNOWN, state=CONNECTING}, ServerDescription{address=ac-ec7v7ls-shard-00-02.5nopo6y.mongodb.net:27017, type=UNKNOWN, state=CONNECTING}, ServerDescription{address=ac-ec7v7ls-shard-00-00.5nopo6y.mongodb.net:27017, type=UNKNOWN, state=CONNECTING}]}. Waiting for 30000 ms before timing out
23:30:21.233 [cluster-ClusterId{value='6a3849dc61d0570d87c08253', description='null'}-ac-ec7v7ls-shard-00-02.5nopo6y.mongodb.net:27017] INFO org.mongodb.driver.cluster - Monitor thread successfully connected to server with description ServerDescription{address=ac-ec7v7ls-shard-00-02.5nopo6y.mongodb.net:27017, type=REPLICA_SET_SECONDARY, state=CONNECTED, ok=true, minWireVersion=0, maxWireVersion=25, maxDocumentSize=16777216, logicalSessionTimeoutMinutes=30, roundTripTimeNanos=529779300, setName='atlas-monhqq-shard-0', canonicalAddress=ac-ec7v7ls-shard-00-02.5nopo6y.mongodb.net:27017, hosts=[ac-ec7v7ls-shard-00-00.5nopo6y.mongodb.net:27017, ac-ec7v7ls-shard-00-01.5nopo6y.mongodb.net:27017, ac-ec7v7ls-shard-00-02.5nopo6y.mongodb.net:27017], passives=[], arbiters=[], primary='ac-ec7v7ls-shard-00-01.5nopo6y.mongodb.net:27017', tagSet=TagSet{[Tag{name='availabilityZone', value='eun1-az3'}, Tag{name='cacheState', value='READY'}, Tag{name='diskState', value='READY'}, Tag{name='nodeType', value='ELECTABLE'}, Tag{name='provider', value='AWS'}, Tag{name='region', value='EU_NORTH_1'}, Tag{name='workloadType', value='OPERATIONAL'}]}, electionId=null, setVersion=23, topologyVersion=TopologyVersion{processId=6a32bd3201c102259154b227, counter=3}, lastWriteDate=Sun Jun 21 23:30:18 EEST 2026, lastUpdateTimeNanos=8274171126100}
23:30:21.233 [cluster-ClusterId{value='6a3849dc61d0570d87c08252', description='null'}-ac-ec7v7ls-shard-00-01.5nopo6y.mongodb.net:27017] INFO org.mongodb.driver.cluster - Monitor thread successfully connected to server with description ServerDescription{address=ac-ec7v7ls-shard-00-01.5nopo6y.mongodb.net:27017, type=REPLICA_SET_PRIMARY, state=CONNECTED, ok=true, minWireVersion=0, maxWireVersion=25, maxDocumentSize=16777216, logicalSessionTimeoutMinutes=30, roundTripTimeNanos=529700800, setName='atlas-monhqq-shard-0', canonicalAddress=ac-ec7v7ls-shard-00-01.5nopo6y.mongodb.net:27017, hosts=[ac-ec7v7ls-shard-00-00.5nopo6y.mongodb.net:27017, ac-ec7v7ls-shard-00-01.5nopo6y.mongodb.net:27017, ac-ec7v7ls-shard-00-02.5nopo6y.mongodb.net:27017], passives=[], arbiters=[], primary='ac-ec7v7ls-shard-00-01.5nopo6y.mongodb.net:27017', tagSet=TagSet{[Tag{name='availabilityZone', value='eun1-az2'}, Tag{name='cacheState', value='READY'}, Tag{name='diskState', value='READY'}, Tag{name='nodeType', value='ELECTABLE'}, Tag{name='provider', value='AWS'}, Tag{name='region', value='EU_NORTH_1'}, Tag{name='workloadType', value='OPERATIONAL'}]}, electionId=7fffffff00000000000000cc, setVersion=23, topologyVersion=TopologyVersion{processId=6a32baf65a9936f9142fb5b7, counter=6}, lastWriteDate=Sun Jun 21 23:30:18 EEST 2026, lastUpdateTimeNanos=8274171079900}
23:30:21.233 [cluster-ClusterId{value='6a3849dc61d0570d87c08252', description='null'}-ac-ec7v7ls-shard-00-02.5nopo6y.mongodb.net:27017] INFO org.mongodb.driver.cluster - Monitor thread successfully connected to server with description ServerDescription{address=ac-ec7v7ls-shard-00-02.5nopo6y.mongodb.net:27017, type=REPLICA_SET_SECONDARY, state=CONNECTED, ok=true, minWireVersion=0, maxWireVersion=25, maxDocumentSize=16777216, logicalSessionTimeoutMinutes=30, roundTripTimeNanos=529490000, setName='atlas-monhqq-shard-0', canonicalAddress=ac-ec7v7ls-shard-00-02.5nopo6y.mongodb.net:27017, hosts=[ac-ec7v7ls-shard-00-00.5nopo6y.mongodb.net:27017, ac-ec7v7ls-shard-00-01.5nopo6y.mongodb.net:27017, ac-ec7v7ls-shard-00-02.5nopo6y.mongodb.net:27017], passives=[], arbiters=[], primary='ac-ec7v7ls-shard-00-01.5nopo6y.mongodb.net:27017', tagSet=TagSet{[Tag{name='availabilityZone', value='eun1-az3'}, Tag{name='cacheState', value='READY'}, Tag{name='diskState', value='READY'}, Tag{name='nodeType', value='ELECTABLE'}, Tag{name='provider', value='AWS'}, Tag{name='region', value='EU_NORTH_1'}, Tag{name='workloadType', value='OPERATIONAL'}]}, electionId=null, setVersion=23, topologyVersion=TopologyVersion{processId=6a32bd3201c102259154b227, counter=3}, lastWriteDate=Sun Jun 21 23:30:18 EEST 2026, lastUpdateTimeNanos=8274170837200}
23:30:21.233 [cluster-ClusterId{value='6a3849dc61d0570d87c08253', description='null'}-ac-ec7v7ls-shard-00-01.5nopo6y.mongodb.net:27017] INFO org.mongodb.driver.cluster - Monitor thread successfully connected to server with description ServerDescription{address=ac-ec7v7ls-shard-00-01.5nopo6y.mongodb.net:27017, type=REPLICA_SET_PRIMARY, state=CONNECTED, ok=true, minWireVersion=0, maxWireVersion=25, maxDocumentSize=16777216, logicalSessionTimeoutMinutes=30, roundTripTimeNanos=529415500, setName='atlas-monhqq-shard-0', canonicalAddress=ac-ec7v7ls-shard-00-01.5nopo6y.mongodb.net:27017, hosts=[ac-ec7v7ls-shard-00-00.5nopo6y.mongodb.net:27017, ac-ec7v7ls-shard-00-01.5nopo6y.mongodb.net:27017, ac-ec7v7ls-shard-00-02.5nopo6y.mongodb.net:27017], passives=[], arbiters=[], primary='ac-ec7v7ls-shard-00-01.5nopo6y.mongodb.net:27017', tagSet=TagSet{[Tag{name='availabilityZone', value='eun1-az2'}, Tag{name='cacheState', value='READY'}, Tag{name='diskState', value='READY'}, Tag{name='nodeType', value='ELECTABLE'}, Tag{name='provider', value='AWS'}, Tag{name='region', value='EU_NORTH_1'}, Tag{name='workloadType', value='OPERATIONAL'}]}, electionId=7fffffff00000000000000cc, setVersion=23, topologyVersion=TopologyVersion{processId=6a32baf65a9936f9142fb5b7, counter=6}, lastWriteDate=Sun Jun 21 23:30:18 EEST 2026, lastUpdateTimeNanos=8274170837100}
23:30:21.233 [cluster-ClusterId{value='6a3849dc61d0570d87c08253', description='null'}-ac-ec7v7ls-shard-00-00.5nopo6y.mongodb.net:27017] INFO org.mongodb.driver.cluster - Monitor thread successfully connected to server with description ServerDescription{address=ac-ec7v7ls-shard-00-00.5nopo6y.mongodb.net:27017, type=REPLICA_SET_SECONDARY, state=CONNECTED, ok=true, minWireVersion=0, maxWireVersion=25, maxDocumentSize=16777216, logicalSessionTimeoutMinutes=30, roundTripTimeNanos=529399000, setName='atlas-monhqq-shard-0', canonicalAddress=ac-ec7v7ls-shard-00-00.5nopo6y.mongodb.net:27017, hosts=[ac-ec7v7ls-shard-00-00.5nopo6y.mongodb.net:27017, ac-ec7v7ls-shard-00-01.5nopo6y.mongodb.net:27017, ac-ec7v7ls-shard-00-02.5nopo6y.mongodb.net:27017], passives=[], arbiters=[], primary='ac-ec7v7ls-shard-00-01.5nopo6y.mongodb.net:27017', tagSet=TagSet{[Tag{name='availabilityZone', value='eun1-az1'}, Tag{name='cacheState', value='READY'}, Tag{name='diskState', value='READY'}, Tag{name='nodeType', value='ELECTABLE'}, Tag{name='provider', value='AWS'}, Tag{name='region', value='EU_NORTH_1'}, Tag{name='workloadType', value='OPERATIONAL'}]}, electionId=null, setVersion=23, topologyVersion=TopologyVersion{processId=6a32b88dfd07a91ecb323cc1, counter=4}, lastWriteDate=Sun Jun 21 23:30:18 EEST 2026, lastUpdateTimeNanos=8274170837200}
23:30:21.233 [cluster-ClusterId{value='6a3849dc61d0570d87c08252', description='null'}-ac-ec7v7ls-shard-00-00.5nopo6y.mongodb.net:27017] INFO org.mongodb.driver.cluster - Monitor thread successfully connected to server with description ServerDescription{address=ac-ec7v7ls-shard-00-00.5nopo6y.mongodb.net:27017, type=REPLICA_SET_SECONDARY, state=CONNECTED, ok=true, minWireVersion=0, maxWireVersion=25, maxDocumentSize=16777216, logicalSessionTimeoutMinutes=30, roundTripTimeNanos=529759000, setName='atlas-monhqq-shard-0', canonicalAddress=ac-ec7v7ls-shard-00-00.5nopo6y.mongodb.net:27017, hosts=[ac-ec7v7ls-shard-00-00.5nopo6y.mongodb.net:27017, ac-ec7v7ls-shard-00-01.5nopo6y.mongodb.net:27017, ac-ec7v7ls-shard-00-02.5nopo6y.mongodb.net:27017], passives=[], arbiters=[], primary='ac-ec7v7ls-shard-00-01.5nopo6y.mongodb.net:27017', tagSet=TagSet{[Tag{name='availabilityZone', value='eun1-az1'}, Tag{name='cacheState', value='READY'}, Tag{name='diskState', value='READY'}, Tag{name='nodeType', value='ELECTABLE'}, Tag{name='provider', value='AWS'}, Tag{name='region', value='EU_NORTH_1'}, Tag{name='workloadType', value='OPERATIONAL'}]}, electionId=null, setVersion=23, topologyVersion=TopologyVersion{processId=6a32b88dfd07a91ecb323cc1, counter=4}, lastWriteDate=Sun Jun 21 23:30:18 EEST 2026, lastUpdateTimeNanos=8274171155600}
23:30:21.235 [cluster-ClusterId{value='6a3849dc61d0570d87c08252', description='null'}-ac-ec7v7ls-shard-00-01.5nopo6y.mongodb.net:27017] DEBUG org.mongodb.driver.connection - Connection pool ready for ac-ec7v7ls-shard-00-01.5nopo6y.mongodb.net:27017
23:30:21.235 [cluster-ClusterId{value='6a3849dc61d0570d87c08253', description='null'}-ac-ec7v7ls-shard-00-02.5nopo6y.mongodb.net:27017] DEBUG org.mongodb.driver.connection - Connection pool ready for ac-ec7v7ls-shard-00-02.5nopo6y.mongodb.net:27017
23:30:21.239 [cluster-ClusterId{value='6a3849dc61d0570d87c08252', description='null'}-ac-ec7v7ls-shard-00-01.5nopo6y.mongodb.net:27017] INFO org.mongodb.driver.cluster - Discovered replica set primary ac-ec7v7ls-shard-00-01.5nopo6y.mongodb.net:27017 with max election id 7fffffff00000000000000cc and max set version 23
23:30:21.240 [cluster-ClusterId{value='6a3849dc61d0570d87c08252', description='null'}-ac-ec7v7ls-shard-00-01.5nopo6y.mongodb.net:27017] DEBUG org.mongodb.driver.cluster - Updating cluster description to  {type=REPLICA_SET, servers=[{address=ac-ec7v7ls-shard-00-01.5nopo6y.mongodb.net:27017, type=REPLICA_SET_PRIMARY, TagSet{[Tag{name='availabilityZone', value='eun1-az2'}, Tag{name='cacheState', value='READY'}, Tag{name='diskState', value='READY'}, Tag{name='nodeType', value='ELECTABLE'}, Tag{name='provider', value='AWS'}, Tag{name='region', value='EU_NORTH_1'}, Tag{name='workloadType', value='OPERATIONAL'}]}, roundTripTime=529.7 ms, state=CONNECTED}, {address=ac-ec7v7ls-shard-00-02.5nopo6y.mongodb.net:27017, type=UNKNOWN, state=CONNECTING}, {address=ac-ec7v7ls-shard-00-00.5nopo6y.mongodb.net:27017, type=UNKNOWN, state=CONNECTING}]
23:30:21.240 [cluster-ClusterId{value='6a3849dc61d0570d87c08253', description='null'}-ac-ec7v7ls-shard-00-02.5nopo6y.mongodb.net:27017] DEBUG org.mongodb.driver.cluster - Updating cluster description to  {type=REPLICA_SET, servers=[{address=ac-ec7v7ls-shard-00-01.5nopo6y.mongodb.net:27017, type=UNKNOWN, state=CONNECTING}, {address=ac-ec7v7ls-shard-00-02.5nopo6y.mongodb.net:27017, type=REPLICA_SET_SECONDARY, TagSet{[Tag{name='availabilityZone', value='eun1-az3'}, Tag{name='cacheState', value='READY'}, Tag{name='diskState', value='READY'}, Tag{name='nodeType', value='ELECTABLE'}, Tag{name='provider', value='AWS'}, Tag{name='region', value='EU_NORTH_1'}, Tag{name='workloadType', value='OPERATIONAL'}]}, roundTripTime=529.8 ms, state=CONNECTED}, {address=ac-ec7v7ls-shard-00-00.5nopo6y.mongodb.net:27017, type=UNKNOWN, state=CONNECTING}]
23:30:21.240 [cluster-ClusterId{value='6a3849dc61d0570d87c08253', description='null'}-ac-ec7v7ls-shard-00-02.5nopo6y.mongodb.net:27017] DEBUG org.mongodb.driver.cluster - Checking status of ac-ec7v7ls-shard-00-02.5nopo6y.mongodb.net:27017
23:30:21.240 [cluster-ClusterId{value='6a3849dc61d0570d87c08252', description='null'}-ac-ec7v7ls-shard-00-01.5nopo6y.mongodb.net:27017] DEBUG org.mongodb.driver.cluster - Checking status of ac-ec7v7ls-shard-00-01.5nopo6y.mongodb.net:27017
23:30:21.240 [cluster-ClusterId{value='6a3849dc61d0570d87c08252', description='null'}-ac-ec7v7ls-shard-00-02.5nopo6y.mongodb.net:27017] DEBUG org.mongodb.driver.connection - Connection pool ready for ac-ec7v7ls-shard-00-02.5nopo6y.mongodb.net:27017
23:30:21.240 [cluster-ClusterId{value='6a3849dc61d0570d87c08253', description='null'}-ac-ec7v7ls-shard-00-01.5nopo6y.mongodb.net:27017] DEBUG org.mongodb.driver.connection - Connection pool ready for ac-ec7v7ls-shard-00-01.5nopo6y.mongodb.net:27017
23:30:21.241 [cluster-ClusterId{value='6a3849dc61d0570d87c08253', description='null'}-ac-ec7v7ls-shard-00-01.5nopo6y.mongodb.net:27017] INFO org.mongodb.driver.cluster - Discovered replica set primary ac-ec7v7ls-shard-00-01.5nopo6y.mongodb.net:27017 with max election id 7fffffff00000000000000cc and max set version 23
23:30:21.241 [cluster-ClusterId{value='6a3849dc61d0570d87c08252', description='null'}-ac-ec7v7ls-shard-00-02.5nopo6y.mongodb.net:27017] DEBUG org.mongodb.driver.cluster - Updating cluster description to  {type=REPLICA_SET, servers=[{address=ac-ec7v7ls-shard-00-01.5nopo6y.mongodb.net:27017, type=REPLICA_SET_PRIMARY, TagSet{[Tag{name='availabilityZone', value='eun1-az2'}, Tag{name='cacheState', value='READY'}, Tag{name='diskState', value='READY'}, Tag{name='nodeType', value='ELECTABLE'}, Tag{name='provider', value='AWS'}, Tag{name='region', value='EU_NORTH_1'}, Tag{name='workloadType', value='OPERATIONAL'}]}, roundTripTime=529.7 ms, state=CONNECTED}, {address=ac-ec7v7ls-shard-00-02.5nopo6y.mongodb.net:27017, type=REPLICA_SET_SECONDARY, TagSet{[Tag{name='availabilityZone', value='eun1-az3'}, Tag{name='cacheState', value='READY'}, Tag{name='diskState', value='READY'}, Tag{name='nodeType', value='ELECTABLE'}, Tag{name='provider', value='AWS'}, Tag{name='region', value='EU_NORTH_1'}, Tag{name='workloadType', value='OPERATIONAL'}]}, roundTripTime=529.5 ms, state=CONNECTED}, {address=ac-ec7v7ls-shard-00-00.5nopo6y.mongodb.net:27017, type=UNKNOWN, state=CONNECTING}]
23:30:21.241 [cluster-ClusterId{value='6a3849dc61d0570d87c08253', description='null'}-ac-ec7v7ls-shard-00-01.5nopo6y.mongodb.net:27017] DEBUG org.mongodb.driver.cluster - Updating cluster description to  {type=REPLICA_SET, servers=[{address=ac-ec7v7ls-shard-00-01.5nopo6y.mongodb.net:27017, type=REPLICA_SET_PRIMARY, TagSet{[Tag{name='availabilityZone', value='eun1-az2'}, Tag{name='cacheState', value='READY'}, Tag{name='diskState', value='READY'}, Tag{name='nodeType', value='ELECTABLE'}, Tag{name='provider', value='AWS'}, Tag{name='region', value='EU_NORTH_1'}, Tag{name='workloadType', value='OPERATIONAL'}]}, roundTripTime=529.4 ms, state=CONNECTED}, {address=ac-ec7v7ls-shard-00-02.5nopo6y.mongodb.net:27017, type=REPLICA_SET_SECONDARY, TagSet{[Tag{name='availabilityZone', value='eun1-az3'}, Tag{name='cacheState', value='READY'}, Tag{name='diskState', value='READY'}, Tag{name='nodeType', value='ELECTABLE'}, Tag{name='provider', value='AWS'}, Tag{name='region', value='EU_NORTH_1'}, Tag{name='workloadType', value='OPERATIONAL'}]}, roundTripTime=529.8 ms, state=CONNECTED}, {address=ac-ec7v7ls-shard-00-00.5nopo6y.mongodb.net:27017, type=UNKNOWN, state=CONNECTING}]
23:30:21.241 [cluster-ClusterId{value='6a3849dc61d0570d87c08252', description='null'}-ac-ec7v7ls-shard-00-02.5nopo6y.mongodb.net:27017] DEBUG org.mongodb.driver.cluster - Checking status of ac-ec7v7ls-shard-00-02.5nopo6y.mongodb.net:27017
23:30:21.242 [cluster-ClusterId{value='6a3849dc61d0570d87c08253', description='null'}-ac-ec7v7ls-shard-00-01.5nopo6y.mongodb.net:27017] DEBUG org.mongodb.driver.cluster - Checking status of ac-ec7v7ls-shard-00-01.5nopo6y.mongodb.net:27017
23:30:21.241 [cluster-ClusterId{value='6a3849dc61d0570d87c08252', description='null'}-ac-ec7v7ls-shard-00-00.5nopo6y.mongodb.net:27017] DEBUG org.mongodb.driver.connection - Connection pool ready for ac-ec7v7ls-shard-00-00.5nopo6y.mongodb.net:27017
23:30:21.242 [cluster-ClusterId{value='6a3849dc61d0570d87c08253', description='null'}-ac-ec7v7ls-shard-00-00.5nopo6y.mongodb.net:27017] DEBUG org.mongodb.driver.connection - Connection pool ready for ac-ec7v7ls-shard-00-00.5nopo6y.mongodb.net:27017
23:30:21.242 [cluster-ClusterId{value='6a3849dc61d0570d87c08253', description='null'}-ac-ec7v7ls-shard-00-00.5nopo6y.mongodb.net:27017] DEBUG org.mongodb.driver.cluster - Updating cluster description to  {type=REPLICA_SET, servers=[{address=ac-ec7v7ls-shard-00-01.5nopo6y.mongodb.net:27017, type=REPLICA_SET_PRIMARY, TagSet{[Tag{name='availabilityZone', value='eun1-az2'}, Tag{name='cacheState', value='READY'}, Tag{name='diskState', value='READY'}, Tag{name='nodeType', value='ELECTABLE'}, Tag{name='provider', value='AWS'}, Tag{name='region', value='EU_NORTH_1'}, Tag{name='workloadType', value='OPERATIONAL'}]}, roundTripTime=529.4 ms, state=CONNECTED}, {address=ac-ec7v7ls-shard-00-02.5nopo6y.mongodb.net:27017, type=REPLICA_SET_SECONDARY, TagSet{[Tag{name='availabilityZone', value='eun1-az3'}, Tag{name='cacheState', value='READY'}, Tag{name='diskState', value='READY'}, Tag{name='nodeType', value='ELECTABLE'}, Tag{name='provider', value='AWS'}, Tag{name='region', value='EU_NORTH_1'}, Tag{name='workloadType', value='OPERATIONAL'}]}, roundTripTime=529.8 ms, state=CONNECTED}, {address=ac-ec7v7ls-shard-00-00.5nopo6y.mongodb.net:27017, type=REPLICA_SET_SECONDARY, TagSet{[Tag{name='availabilityZone', value='eun1-az1'}, Tag{name='cacheState', value='READY'}, Tag{name='diskState', value='READY'}, Tag{name='nodeType', value='ELECTABLE'}, Tag{name='provider', value='AWS'}, Tag{name='region', value='EU_NORTH_1'}, Tag{name='workloadType', value='OPERATIONAL'}]}, roundTripTime=529.4 ms, state=CONNECTED}]
23:30:21.242 [cluster-ClusterId{value='6a3849dc61d0570d87c08253', description='null'}-ac-ec7v7ls-shard-00-00.5nopo6y.mongodb.net:27017] DEBUG org.mongodb.driver.cluster - Checking status of ac-ec7v7ls-shard-00-00.5nopo6y.mongodb.net:27017
23:30:21.242 [cluster-ClusterId{value='6a3849dc61d0570d87c08252', description='null'}-ac-ec7v7ls-shard-00-00.5nopo6y.mongodb.net:27017] DEBUG org.mongodb.driver.cluster - Updating cluster description to  {type=REPLICA_SET, servers=[{address=ac-ec7v7ls-shard-00-01.5nopo6y.mongodb.net:27017, type=REPLICA_SET_PRIMARY, TagSet{[Tag{name='availabilityZone', value='eun1-az2'}, Tag{name='cacheState', value='READY'}, Tag{name='diskState', value='READY'}, Tag{name='nodeType', value='ELECTABLE'}, Tag{name='provider', value='AWS'}, Tag{name='region', value='EU_NORTH_1'}, Tag{name='workloadType', value='OPERATIONAL'}]}, roundTripTime=529.7 ms, state=CONNECTED}, {address=ac-ec7v7ls-shard-00-02.5nopo6y.mongodb.net:27017, type=REPLICA_SET_SECONDARY, TagSet{[Tag{name='availabilityZone', value='eun1-az3'}, Tag{name='cacheState', value='READY'}, Tag{name='diskState', value='READY'}, Tag{name='nodeType', value='ELECTABLE'}, Tag{name='provider', value='AWS'}, Tag{name='region', value='EU_NORTH_1'}, Tag{name='workloadType', value='OPERATIONAL'}]}, roundTripTime=529.5 ms, state=CONNECTED}, {address=ac-ec7v7ls-shard-00-00.5nopo6y.mongodb.net:27017, type=REPLICA_SET_SECONDARY, TagSet{[Tag{name='availabilityZone', value='eun1-az1'}, Tag{name='cacheState', value='READY'}, Tag{name='diskState', value='READY'}, Tag{name='nodeType', value='ELECTABLE'}, Tag{name='provider', value='AWS'}, Tag{name='region', value='EU_NORTH_1'}, Tag{name='workloadType', value='OPERATIONAL'}]}, roundTripTime=529.8 ms, state=CONNECTED}]
23:30:21.243 [cluster-ClusterId{value='6a3849dc61d0570d87c08252', description='null'}-ac-ec7v7ls-shard-00-00.5nopo6y.mongodb.net:27017] DEBUG org.mongodb.driver.cluster - Checking status of ac-ec7v7ls-shard-00-00.5nopo6y.mongodb.net:27017
23:30:21.244 [main] DEBUG org.mongodb.driver.connection - Checkout started for connection to ac-ec7v7ls-shard-00-01.5nopo6y.mongodb.net:27017
23:30:21.253 [main] DEBUG org.mongodb.driver.connection - Connection created: address=ac-ec7v7ls-shard-00-01.5nopo6y.mongodb.net:27017, driver-generated ID=13
23:30:21.618 [main] DEBUG org.mongodb.driver.connection - Connection ready: address=ac-ec7v7ls-shard-00-01.5nopo6y.mongodb.net:27017, driver-generated ID=13, established in=364 ms
23:30:21.620 [main] DEBUG org.mongodb.driver.connection - Connection checked out: address=ac-ec7v7ls-shard-00-01.5nopo6y.mongodb.net:27017, driver-generated ID=13, duration=374 ms
23:30:21.626 [main] DEBUG org.mongodb.driver.operation - retryWrites set but one or more writeRequests do not support retryable writes
23:30:21.658 [main] DEBUG org.mongodb.driver.protocol.command - Command "delete" started on database "Veterinary" using a connection with driver-generated ID 13 and server-generated ID 180852 to ac-ec7v7ls-shard-00-01.5nopo6y.mongodb.net:27017. The request ID is 22 and the operation ID is 1. Command: {"delete": "appointments", "ordered": true, "writeConcern": {"w": "majority"}, "$db": "Veterinary", "lsid": {"id": {"$binary": {"base64": "ZkolLTsPS4O6A5HLHJikKQ==", "subType": "04"}}}, "deletes": [{"q": {}, "limit": 0}]}
23:30:21.739 [main] DEBUG org.mongodb.driver.protocol.command - Command "delete" succeeded on database "Veterinary" in 87.4957 ms using a connection with driver-generated ID 13 and server-generated ID 180852 to ac-ec7v7ls-shard-00-01.5nopo6y.mongodb.net:27017. The request ID is 22 and the operation ID is 1. Command reply: {"n": 0, "electionId": {"$oid": "7fffffff00000000000000cc"}, "opTime": {"ts": {"$timestamp": {"t": 1782073818, "i": 14}}, "t": 204}, "ok": 1.0, "$clusterTime": {"clusterTime": {"$timestamp": {"t": 1782073818, "i": 14}}, "signature": {"hash": {"$binary": {"base64": "6zE0S7MMry7LWQ0HGVTKjFfHQ7U=", "subType": "00"}}, "keyId": 7615279115217666049}}, "operationTime": {"$timestamp": {"t": 1782073818, "i": 14}}}
23:30:21.750 [main] DEBUG org.mongodb.driver.connection - Connection checked in: address=ac-ec7v7ls-shard-00-01.5nopo6y.mongodb.net:27017, driver-generated ID=13
23:30:21.767 [main] DEBUG org.mongodb.driver.connection - Checkout started for connection to ac-ec7v7ls-shard-00-01.5nopo6y.mongodb.net:27017
23:30:21.768 [main] DEBUG org.mongodb.driver.connection - Connection checked out: address=ac-ec7v7ls-shard-00-01.5nopo6y.mongodb.net:27017, driver-generated ID=13, duration=0 ms
23:30:21.800 [main] DEBUG org.mongodb.driver.protocol.command - Command "insert" started on database "Veterinary" using a connection with driver-generated ID 13 and server-generated ID 180852 to ac-ec7v7ls-shard-00-01.5nopo6y.mongodb.net:27017. The request ID is 23 and the operation ID is 17. Command: {"insert": "appointments", "ordered": true, "writeConcern": {"w": "majority"}, "txnNumber": 1, "$db": "Veterinary", "$clusterTime": {"clusterTime": {"$timestamp": {"t": 1782073818, "i": 14}}, "signature": {"hash": {"$binary": {"base64": "6zE0S7MMry7LWQ0HGVTKjFfHQ7U=", "subType": "00"}}, "keyId": 7615279115217666049}}, "lsid": {"id": {"$binary": {"base64": "ZkolLTsPS4O6A5HLHJikKQ==", "subType": "04"}}}, "documents": [{"_id": {"$oid": "6a3849dd61d0570d87c08254"}, "id": "b57b2ac0-734c-43dc-a51f-21c8d7340d20", "appointmentDate": "2024-09-14", "appointmentTime": "10:00", "ownerLastName": "Коваленко", "ownerFirstName": "Олег", "ownerMiddleName": "Іванович", "ownerPhone": "380501234567", "ownerCity": "м. Київ", "ownerStreet": "вул. Шевченка", "ownerHouse": "12", "ownerApartment": "кв.5", "petName": "Барсік", "petSpecies": "кіт", "vetFullName": "Петренко Ірина Василівна", "vetExperience": 5, "diagnosis": "Щеплення комплекс.", "isVaccinated": true}]}
23:30:21.871 [main] DEBUG org.mongodb.driver.protocol.command - Command "insert" succeeded on database "Veterinary" in 79.0898 ms using a connection with driver-generated ID 13 and server-generated ID 180852 to ac-ec7v7ls-shard-00-01.5nopo6y.mongodb.net:27017. The request ID is 23 and the operation ID is 17. Command reply: {"n": 1, "electionId": {"$oid": "7fffffff00000000000000cc"}, "opTime": {"ts": {"$timestamp": {"t": 1782073818, "i": 16}}, "t": 204}, "ok": 1.0, "$clusterTime": {"clusterTime": {"$timestamp": {"t": 1782073818, "i": 16}}, "signature": {"hash": {"$binary": {"base64": "6zE0S7MMry7LWQ0HGVTKjFfHQ7U=", "subType": "00"}}, "keyId": 7615279115217666049}}, "operationTime": {"$timestamp": {"t": 1782073818, "i": 16}}}
23:30:21.877 [main] DEBUG org.mongodb.driver.connection - Connection checked in: address=ac-ec7v7ls-shard-00-01.5nopo6y.mongodb.net:27017, driver-generated ID=13
>>> Тестові дані успішно імпортовано!
]]></system-out>
  </testcase>
  <testcase name="testShowReportDoesNotThrow" classname="com.veterinary.VeterinaryApplicationTest" time="0.184">
    <system-out><![CDATA[23:30:21.911 [main] DEBUG org.mongodb.driver.connection - Checkout started for connection to ac-ec7v7ls-shard-00-01.5nopo6y.mongodb.net:27017
23:30:21.912 [main] DEBUG org.mongodb.driver.connection - Connection checked out: address=ac-ec7v7ls-shard-00-01.5nopo6y.mongodb.net:27017, driver-generated ID=13, duration=0 ms
23:30:21.922 [main] DEBUG org.mongodb.driver.protocol.command - Command "aggregate" started on database "Veterinary" using a connection with driver-generated ID 13 and server-generated ID 180852 to ac-ec7v7ls-shard-00-01.5nopo6y.mongodb.net:27017. The request ID is 24 and the operation ID is 18. Command: {"aggregate": "appointments", "pipeline": [{"$match": {}}, {"$group": {"_id": 1, "n": {"$sum": 1}}}], "cursor": {}, "$db": "Veterinary", "$clusterTime": {"clusterTime": {"$timestamp": {"t": 1782073818, "i": 16}}, "signature": {"hash": {"$binary": {"base64": "6zE0S7MMry7LWQ0HGVTKjFfHQ7U=", "subType": "00"}}, "keyId": 7615279115217666049}}, "lsid": {"id": {"$binary": {"base64": "ZkolLTsPS4O6A5HLHJikKQ==", "subType": "04"}}}}
23:30:21.982 [main] DEBUG org.mongodb.driver.protocol.command - Command "aggregate" succeeded on database "Veterinary" in 62.2731 ms using a connection with driver-generated ID 13 and server-generated ID 180852 to ac-ec7v7ls-shard-00-01.5nopo6y.mongodb.net:27017. The request ID is 24 and the operation ID is 18. Command reply: {"cursor": {"firstBatch": [{"_id": 1, "n": 1}], "id": 0, "ns": "Veterinary.appointments"}, "ok": 1.0, "$clusterTime": {"clusterTime": {"$timestamp": {"t": 1782073818, "i": 17}}, "signature": {"hash": {"$binary": {"base64": "6zE0S7MMry7LWQ0HGVTKjFfHQ7U=", "subType": "00"}}, "keyId": 7615279115217666049}}, "operationTime": {"$timestamp": {"t": 1782073818, "i": 17}}}
23:30:21.987 [main] DEBUG org.mongodb.driver.operation - Received batch of 1 documents with cursorId 0 from server ac-ec7v7ls-shard-00-01.5nopo6y.mongodb.net:27017
23:30:21.990 [main] DEBUG org.mongodb.driver.connection - Connection checked in: address=ac-ec7v7ls-shard-00-01.5nopo6y.mongodb.net:27017, driver-generated ID=13

-------------------------------------------------------------------------------------------------------------------
| Власник                   | Тварина         | Ветеринар                 | Дата         | Час   |
-------------------------------------------------------------------------------------------------------------------
23:30:22.002 [main] DEBUG org.mongodb.driver.connection - Checkout started for connection to ac-ec7v7ls-shard-00-01.5nopo6y.mongodb.net:27017
23:30:22.002 [main] DEBUG org.mongodb.driver.connection - Connection checked out: address=ac-ec7v7ls-shard-00-01.5nopo6y.mongodb.net:27017, driver-generated ID=13, duration=0 ms
23:30:22.005 [main] DEBUG org.mongodb.driver.protocol.command - Command "find" started on database "Veterinary" using a connection with driver-generated ID 13 and server-generated ID 180852 to ac-ec7v7ls-shard-00-01.5nopo6y.mongodb.net:27017. The request ID is 25 and the operation ID is 19. Command: {"find": "appointments", "filter": {}, "$db": "Veterinary", "$clusterTime": {"clusterTime": {"$timestamp": {"t": 1782073818, "i": 17}}, "signature": {"hash": {"$binary": {"base64": "6zE0S7MMry7LWQ0HGVTKjFfHQ7U=", "subType": "00"}}, "keyId": 7615279115217666049}}, "lsid": {"id": {"$binary": {"base64": "ZkolLTsPS4O6A5HLHJikKQ==", "subType": "04"}}}}
23:30:22.063 [main] DEBUG org.mongodb.driver.protocol.command - Command "find" succeeded on database "Veterinary" in 58.1099 ms using a connection with driver-generated ID 13 and server-generated ID 180852 to ac-ec7v7ls-shard-00-01.5nopo6y.mongodb.net:27017. The request ID is 25 and the operation ID is 19. Command reply: {"cursor": {"firstBatch": [{"_id": {"$oid": "6a3849dd61d0570d87c08254"}, "id": "b57b2ac0-734c-43dc-a51f-21c8d7340d20", "appointmentDate": "2024-09-14", "appointmentTime": "10:00", "ownerLastName": "Коваленко", "ownerFirstName": "Олег", "ownerMiddleName": "Іванович", "ownerPhone": "380501234567", "ownerCity": "м. Київ", "ownerStreet": "вул. Шевченка", "ownerHouse": "12", "ownerApartment": "кв.5", "petName": "Барсік", "petSpecies": "кіт", "vetFullName": "Петренко Ірина Василівна", "vetExperience": 5, "diagnosis": "Щеплення комплекс.", "isVaccinated": true}], "id": 0, "ns": "Veterinary.appointments"}, "ok": 1.0, "$clusterTime": {"clusterTime": {"$timestamp": {"t": 1782073819, "i": 1}}, "signature": {"hash": {"$binary": {"base64": "qWmE9GU6MKnkkWy+lBLPMIA/FUM=", "subType": "00"}}, "keyId": 7615279115217666049}}, "operationTime": {"$timestamp": {"t": 1782073819, "i": 1}}}
23:30:22.067 [main] DEBUG org.mongodb.driver.operation - Received batch of 1 documents with cursorId 0 from server ac-ec7v7ls-shard-00-01.5nopo6y.mongodb.net:27017
23:30:22.067 [main] DEBUG org.mongodb.driver.connection - Connection checked in: address=ac-ec7v7ls-shard-00-01.5nopo6y.mongodb.net:27017, driver-generated ID=13
| Коваленко О.              | Барсік (кіт)    | Петренко Ірина Василівна  | 2024-09-14   | 10:00 |
-------------------------------------------------------------------------------------------------------------------

]]></system-out>
  </testcase>
  <testcase name="testClearDatabaseDoesNotThrow" classname="com.veterinary.VeterinaryApplicationTest" time="0.071">
    <system-out><![CDATA[>>> Очищення бази даних...
23:30:22.072 [main] DEBUG org.mongodb.driver.connection - Checkout started for connection to ac-ec7v7ls-shard-00-01.5nopo6y.mongodb.net:27017
23:30:22.072 [main] DEBUG org.mongodb.driver.connection - Connection checked out: address=ac-ec7v7ls-shard-00-01.5nopo6y.mongodb.net:27017, driver-generated ID=13, duration=0 ms
23:30:22.072 [main] DEBUG org.mongodb.driver.operation - retryWrites set but one or more writeRequests do not support retryable writes
23:30:22.075 [main] DEBUG org.mongodb.driver.protocol.command - Command "delete" started on database "Veterinary" using a connection with driver-generated ID 13 and server-generated ID 180852 to ac-ec7v7ls-shard-00-01.5nopo6y.mongodb.net:27017. The request ID is 26 and the operation ID is 20. Command: {"delete": "appointments", "ordered": true, "writeConcern": {"w": "majority"}, "$db": "Veterinary", "$clusterTime": {"clusterTime": {"$timestamp": {"t": 1782073819, "i": 1}}, "signature": {"hash": {"$binary": {"base64": "qWmE9GU6MKnkkWy+lBLPMIA/FUM=", "subType": "00"}}, "keyId": 7615279115217666049}}, "lsid": {"id": {"$binary": {"base64": "ZkolLTsPS4O6A5HLHJikKQ==", "subType": "04"}}}, "deletes": [{"q": {}, "limit": 0}]}
23:30:22.140 [main] DEBUG org.mongodb.driver.protocol.command - Command "delete" succeeded on database "Veterinary" in 66.0594 ms using a connection with driver-generated ID 13 and server-generated ID 180852 to ac-ec7v7ls-shard-00-01.5nopo6y.mongodb.net:27017. The request ID is 26 and the operation ID is 20. Command reply: {"n": 1, "electionId": {"$oid": "7fffffff00000000000000cc"}, "opTime": {"ts": {"$timestamp": {"t": 1782073819, "i": 4}}, "t": 204}, "ok": 1.0, "$clusterTime": {"clusterTime": {"$timestamp": {"t": 1782073819, "i": 4}}, "signature": {"hash": {"$binary": {"base64": "qWmE9GU6MKnkkWy+lBLPMIA/FUM=", "subType": "00"}}, "keyId": 7615279115217666049}}, "operationTime": {"$timestamp": {"t": 1782073819, "i": 4}}}
23:30:22.140 [main] DEBUG org.mongodb.driver.connection - Connection checked in: address=ac-ec7v7ls-shard-00-01.5nopo6y.mongodb.net:27017, driver-generated ID=13
>>> База даних повністю очищена!
]]></system-out>
  </testcase>
  <testcase name="testShowReportWhenClientIsNull" classname="com.veterinary.VeterinaryApplicationTest" time="0.063">
    <system-out><![CDATA[23:30:22.142 [main] DEBUG org.mongodb.driver.connection - Checkout started for connection to ac-ec7v7ls-shard-00-01.5nopo6y.mongodb.net:27017
23:30:22.143 [main] DEBUG org.mongodb.driver.connection - Connection checked out: address=ac-ec7v7ls-shard-00-01.5nopo6y.mongodb.net:27017, driver-generated ID=13, duration=0 ms
23:30:22.144 [main] DEBUG org.mongodb.driver.protocol.command - Command "aggregate" started on database "Veterinary" using a connection with driver-generated ID 13 and server-generated ID 180852 to ac-ec7v7ls-shard-00-01.5nopo6y.mongodb.net:27017. The request ID is 27 and the operation ID is 21. Command: {"aggregate": "appointments", "pipeline": [{"$match": {}}, {"$group": {"_id": 1, "n": {"$sum": 1}}}], "cursor": {}, "$db": "Veterinary", "$clusterTime": {"clusterTime": {"$timestamp": {"t": 1782073819, "i": 4}}, "signature": {"hash": {"$binary": {"base64": "qWmE9GU6MKnkkWy+lBLPMIA/FUM=", "subType": "00"}}, "keyId": 7615279115217666049}}, "lsid": {"id": {"$binary": {"base64": "ZkolLTsPS4O6A5HLHJikKQ==", "subType": "04"}}}}
23:30:22.203 [main] DEBUG org.mongodb.driver.protocol.command - Command "aggregate" succeeded on database "Veterinary" in 59.3573 ms using a connection with driver-generated ID 13 and server-generated ID 180852 to ac-ec7v7ls-shard-00-01.5nopo6y.mongodb.net:27017. The request ID is 27 and the operation ID is 21. Command reply: {"cursor": {"firstBatch": [], "id": 0, "ns": "Veterinary.appointments"}, "ok": 1.0, "$clusterTime": {"clusterTime": {"$timestamp": {"t": 1782073819, "i": 27}}, "signature": {"hash": {"$binary": {"base64": "qWmE9GU6MKnkkWy+lBLPMIA/FUM=", "subType": "00"}}, "keyId": 7615279115217666049}}, "operationTime": {"$timestamp": {"t": 1782073819, "i": 26}}}
23:30:22.204 [main] DEBUG org.mongodb.driver.operation - Received batch of 0 documents with cursorId 0 from server ac-ec7v7ls-shard-00-01.5nopo6y.mongodb.net:27017
23:30:22.204 [main] DEBUG org.mongodb.driver.connection - Connection checked in: address=ac-ec7v7ls-shard-00-01.5nopo6y.mongodb.net:27017, driver-generated ID=13
!!! Увага: База даних порожня.
]]></system-out>
  </testcase>
  <testcase name="entitiesAllGettersSettersToString" classname="com.veterinary.VeterinaryApplicationTest" time="0.016"/>
</testsuite>