<?xml version="1.0" encoding="UTF-8"?>
<testsuite xmlns:xsi="http://www.w3.org/2001/XMLSchema-instance" xsi:noNamespaceSchemaLocation="https://maven.apache.org/surefire/maven-surefire-plugin/xsd/surefire-test-report-3.0.xsd" version="3.0" name="com.veterinary.VeterinaryApplicationTest" time="4.025" tests="12" errors="0" skipped="0" failures="0">
  <properties>
[...]
</properties>
  <testcase name="menu_exit_immediately" classname="com.veterinary.VeterinaryApplicationTest" time="0.009">
    <system-out><![CDATA[23:49:35.526 [main] DEBUG org.jboss.logging - Logging Provider: org.jboss.logging.Log4j2LoggerProvider
23:49:35.582 [main] DEBUG org.hibernate.integrator.internal.IntegratorServiceImpl - Adding Integrator [org.hibernate.cfg.beanvalidation.BeanValidationIntegrator].
23:49:35.589 [main] DEBUG org.hibernate.integrator.internal.IntegratorServiceImpl - Adding Integrator [org.hibernate.secure.spi.JaccIntegrator].
23:49:35.601 [main] DEBUG org.hibernate.integrator.internal.IntegratorServiceImpl - Adding Integrator [org.hibernate.cache.internal.CollectionCacheInvalidator].
23:49:35.693 [main] INFO org.hibernate.Version - HHH000412: Hibernate ORM core version 5.6.14.Final
23:49:35.698 [main] DEBUG org.hibernate.cfg.Environment - HHH000206: hibernate.properties not found
23:49:36.067 [main] DEBUG org.hibernate.integrator.internal.IntegratorServiceImpl - Adding Integrator [org.hibernate.cfg.beanvalidation.BeanValidationIntegrator].
23:49:36.067 [main] DEBUG org.hibernate.integrator.internal.IntegratorServiceImpl - Adding Integrator [org.hibernate.secure.spi.JaccIntegrator].
23:49:36.067 [main] DEBUG org.hibernate.integrator.internal.IntegratorServiceImpl - Adding Integrator [org.hibernate.cache.internal.CollectionCacheInvalidator].
23:49:36.080 [main] DEBUG org.hibernate.service.spi.ServiceBinding - Overriding existing service binding [org.hibernate.secure.spi.JaccService]
23:49:36.080 [main] DEBUG org.hibernate.cfg.Configuration - Building session factory using provided StandardServiceRegistry
23:49:36.098 [main] DEBUG org.hibernate.cache.internal.RegionFactoryInitiator - Cannot default RegionFactory based on registered strategies as `[]` RegionFactory strategies were registered
23:49:36.100 [main] DEBUG org.hibernate.cache.internal.RegionFactoryInitiator - Cache region factory : org.hibernate.cache.internal.NoCachingRegionFactory
23:49:36.141 [main] INFO org.hibernate.annotations.common.Version - HCANN000001: Hibernate Commons Annotations {5.1.2.Final}
23:49:36.268 [main] DEBUG org.hibernate.type.BasicTypeRegistry - Adding type registration boolean -> org.hibernate.type.BooleanType@753aca85
23:49:36.269 [main] DEBUG org.hibernate.type.BasicTypeRegistry - Adding type registration boolean -> org.hibernate.type.BooleanType@753aca85
23:49:36.269 [main] DEBUG org.hibernate.type.BasicTypeRegistry - Adding type registration java.lang.Boolean -> org.hibernate.type.BooleanType@753aca85
23:49:36.270 [main] DEBUG org.hibernate.type.BasicTypeRegistry - Adding type registration numeric_boolean -> org.hibernate.type.NumericBooleanType@31c628e7
23:49:36.270 [main] DEBUG org.hibernate.type.BasicTypeRegistry - Adding type registration true_false -> org.hibernate.type.TrueFalseType@885e7ff
23:49:36.271 [main] DEBUG org.hibernate.type.BasicTypeRegistry - Adding type registration yes_no -> org.hibernate.type.YesNoType@6e4c0d8c
23:49:36.272 [main] DEBUG org.hibernate.type.BasicTypeRegistry - Adding type registration byte -> org.hibernate.type.ByteType@57272109
23:49:36.273 [main] DEBUG org.hibernate.type.BasicTypeRegistry - Adding type registration byte -> org.hibernate.type.ByteType@57272109
23:49:36.273 [main] DEBUG org.hibernate.type.BasicTypeRegistry - Adding type registration java.lang.Byte -> org.hibernate.type.ByteType@57272109
23:49:36.275 [main] DEBUG org.hibernate.type.BasicTypeRegistry - Adding type registration character -> org.hibernate.type.CharacterType@b1534d3
23:49:36.275 [main] DEBUG org.hibernate.type.BasicTypeRegistry - Adding type registration char -> org.hibernate.type.CharacterType@b1534d3
23:49:36.275 [main] DEBUG org.hibernate.type.BasicTypeRegistry - Adding type registration java.lang.Character -> org.hibernate.type.CharacterType@b1534d3
23:49:36.277 [main] DEBUG org.hibernate.type.BasicTypeRegistry - Adding type registration short -> org.hibernate.type.ShortType@d277579
23:49:36.277 [main] DEBUG org.hibernate.type.BasicTypeRegistry - Adding type registration short -> org.hibernate.type.ShortType@d277579
23:49:36.277 [main] DEBUG org.hibernate.type.BasicTypeRegistry - Adding type registration java.lang.Short -> org.hibernate.type.ShortType@d277579
23:49:36.279 [main] DEBUG org.hibernate.type.BasicTypeRegistry - Adding type registration integer -> org.hibernate.type.IntegerType@75181b50
23:49:36.279 [main] DEBUG org.hibernate.type.BasicTypeRegistry - Adding type registration int -> org.hibernate.type.IntegerType@75181b50
23:49:36.279 [main] DEBUG org.hibernate.type.BasicTypeRegistry - Adding type registration java.lang.Integer -> org.hibernate.type.IntegerType@75181b50
23:49:36.280 [main] DEBUG org.hibernate.type.BasicTypeRegistry - Adding type registration long -> org.hibernate.type.LongType@55d58825
23:49:36.281 [main] DEBUG org.hibernate.type.BasicTypeRegistry - Adding type registration long -> org.hibernate.type.LongType@55d58825
23:49:36.281 [main] DEBUG org.hibernate.type.BasicTypeRegistry - Adding type registration java.lang.Long -> org.hibernate.type.LongType@55d58825
23:49:36.282 [main] DEBUG org.hibernate.type.BasicTypeRegistry - Adding type registration float -> org.hibernate.type.FloatType@46aa712c
23:49:36.283 [main] DEBUG org.hibernate.type.BasicTypeRegistry - Adding type registration float -> org.hibernate.type.FloatType@46aa712c
23:49:36.283 [main] DEBUG org.hibernate.type.BasicTypeRegistry - Adding type registration java.lang.Float -> org.hibernate.type.FloatType@46aa712c
23:49:36.284 [main] DEBUG org.hibernate.type.BasicTypeRegistry - Adding type registration double -> org.hibernate.type.DoubleType@31dfc6f5
23:49:36.285 [main] DEBUG org.hibernate.type.BasicTypeRegistry - Adding type registration double -> org.hibernate.type.DoubleType@31dfc6f5
23:49:36.285 [main] DEBUG org.hibernate.type.BasicTypeRegistry - Adding type registration java.lang.Double -> org.hibernate.type.DoubleType@31dfc6f5
23:49:36.286 [main] DEBUG org.hibernate.type.BasicTypeRegistry - Adding type registration big_decimal -> org.hibernate.type.BigDecimalType@7a8b9166
23:49:36.287 [main] DEBUG org.hibernate.type.BasicTypeRegistry - Adding type registration java.math.BigDecimal -> org.hibernate.type.BigDecimalType@7a8b9166
23:49:36.288 [main] DEBUG org.hibernate.type.BasicTypeRegistry - Adding type registration big_integer -> org.hibernate.type.BigIntegerType@f6de586
23:49:36.288 [main] DEBUG org.hibernate.type.BasicTypeRegistry - Adding type registration java.math.BigInteger -> org.hibernate.type.BigIntegerType@f6de586
23:49:36.289 [main] DEBUG org.hibernate.type.BasicTypeRegistry - Adding type registration string -> org.hibernate.type.StringType@4cc36c19
23:49:36.289 [main] DEBUG org.hibernate.type.BasicTypeRegistry - Adding type registration java.lang.String -> org.hibernate.type.StringType@4cc36c19
23:49:36.290 [main] DEBUG org.hibernate.type.BasicTypeRegistry - Adding type registration nstring -> org.hibernate.type.StringNVarcharType@30ca0779
23:49:36.291 [main] DEBUG org.hibernate.type.BasicTypeRegistry - Adding type registration ncharacter -> org.hibernate.type.CharacterNCharType@e4e1ef5
23:49:36.293 [main] DEBUG org.hibernate.type.BasicTypeRegistry - Adding type registration url -> org.hibernate.type.UrlType@27e7c77f
23:49:36.293 [main] DEBUG org.hibernate.type.BasicTypeRegistry - Adding type registration java.net.URL -> org.hibernate.type.UrlType@27e7c77f
23:49:36.295 [main] DEBUG org.hibernate.type.BasicTypeRegistry - Adding type registration Duration -> org.hibernate.type.DurationType@265bd546
23:49:36.295 [main] DEBUG org.hibernate.type.BasicTypeRegistry - Adding type registration java.time.Duration -> org.hibernate.type.DurationType@265bd546
23:49:36.297 [main] DEBUG org.hibernate.type.BasicTypeRegistry - Adding type registration Instant -> org.hibernate.type.InstantType@512575e9
23:49:36.297 [main] DEBUG org.hibernate.type.BasicTypeRegistry - Adding type registration java.time.Instant -> org.hibernate.type.InstantType@512575e9
23:49:36.300 [main] DEBUG org.hibernate.type.BasicTypeRegistry - Adding type registration LocalDateTime -> org.hibernate.type.LocalDateTimeType@2975a9e
23:49:36.300 [main] DEBUG org.hibernate.type.BasicTypeRegistry - Adding type registration java.time.LocalDateTime -> org.hibernate.type.LocalDateTimeType@2975a9e
23:49:36.302 [main] DEBUG org.hibernate.type.BasicTypeRegistry - Adding type registration LocalDate -> org.hibernate.type.LocalDateType@3291b443
23:49:36.303 [main] DEBUG org.hibernate.type.BasicTypeRegistry - Adding type registration java.time.LocalDate -> org.hibernate.type.LocalDateType@3291b443
23:49:36.305 [main] DEBUG org.hibernate.type.BasicTypeRegistry - Adding type registration LocalTime -> org.hibernate.type.LocalTimeType@7b676112
23:49:36.305 [main] DEBUG org.hibernate.type.BasicTypeRegistry - Adding type registration java.time.LocalTime -> org.hibernate.type.LocalTimeType@7b676112
23:49:36.308 [main] DEBUG org.hibernate.type.BasicTypeRegistry - Adding type registration OffsetDateTime -> org.hibernate.type.OffsetDateTimeType@3ad85136
23:49:36.308 [main] DEBUG org.hibernate.type.BasicTypeRegistry - Adding type registration java.time.OffsetDateTime -> org.hibernate.type.OffsetDateTimeType@3ad85136
23:49:36.310 [main] DEBUG org.hibernate.type.BasicTypeRegistry - Adding type registration OffsetTime -> org.hibernate.type.OffsetTimeType@5d8ab698
23:49:36.310 [main] DEBUG org.hibernate.type.BasicTypeRegistry - Adding type registration java.time.OffsetTime -> org.hibernate.type.OffsetTimeType@5d8ab698
23:49:36.313 [main] DEBUG org.hibernate.type.BasicTypeRegistry - Adding type registration ZonedDateTime -> org.hibernate.type.ZonedDateTimeType@4f5b08d
23:49:36.313 [main] DEBUG org.hibernate.type.BasicTypeRegistry - Adding type registration java.time.ZonedDateTime -> org.hibernate.type.ZonedDateTimeType@4f5b08d
23:49:36.317 [main] DEBUG org.hibernate.type.BasicTypeRegistry - Adding type registration date -> org.hibernate.type.DateType@7bab5898
23:49:36.318 [main] DEBUG org.hibernate.type.BasicTypeRegistry - Adding type registration java.sql.Date -> org.hibernate.type.DateType@7bab5898
23:49:36.321 [main] DEBUG org.hibernate.type.BasicTypeRegistry - Adding type registration time -> org.hibernate.type.TimeType@44065156
23:49:36.321 [main] DEBUG org.hibernate.type.BasicTypeRegistry - Adding type registration java.sql.Time -> org.hibernate.type.TimeType@44065156
23:49:36.324 [main] DEBUG org.hibernate.type.BasicTypeRegistry - Adding type registration timestamp -> org.hibernate.type.TimestampType@63dfada0
23:49:36.324 [main] DEBUG org.hibernate.type.BasicTypeRegistry - Adding type registration java.sql.Timestamp -> org.hibernate.type.TimestampType@63dfada0
23:49:36.324 [main] DEBUG org.hibernate.type.BasicTypeRegistry - Adding type registration java.util.Date -> org.hibernate.type.TimestampType@63dfada0
23:49:36.328 [main] DEBUG org.hibernate.type.BasicTypeRegistry - Adding type registration dbtimestamp -> org.hibernate.type.DbTimestampType@70211df5
23:49:36.330 [main] DEBUG org.hibernate.type.BasicTypeRegistry - Adding type registration calendar -> org.hibernate.type.CalendarType@187e5235
23:49:36.330 [main] DEBUG org.hibernate.type.BasicTypeRegistry - Adding type registration java.util.Calendar -> org.hibernate.type.CalendarType@187e5235
23:49:36.330 [main] DEBUG org.hibernate.type.BasicTypeRegistry - Adding type registration java.util.GregorianCalendar -> org.hibernate.type.CalendarType@187e5235
23:49:36.332 [main] DEBUG org.hibernate.type.BasicTypeRegistry - Adding type registration calendar_date -> org.hibernate.type.CalendarDateType@24a86066
23:49:36.334 [main] DEBUG org.hibernate.type.BasicTypeRegistry - Adding type registration calendar_time -> org.hibernate.type.CalendarTimeType@474821de
23:49:36.335 [main] DEBUG org.hibernate.type.BasicTypeRegistry - Adding type registration locale -> org.hibernate.type.LocaleType@3bb87d36
23:49:36.335 [main] DEBUG org.hibernate.type.BasicTypeRegistry - Adding type registration java.util.Locale -> org.hibernate.type.LocaleType@3bb87d36
23:49:36.337 [main] DEBUG org.hibernate.type.BasicTypeRegistry - Adding type registration currency -> org.hibernate.type.CurrencyType@6e43ddd6
23:49:36.337 [main] DEBUG org.hibernate.type.BasicTypeRegistry - Adding type registration java.util.Currency -> org.hibernate.type.CurrencyType@6e43ddd6
23:49:36.339 [main] DEBUG org.hibernate.type.BasicTypeRegistry - Adding type registration timezone -> org.hibernate.type.TimeZoneType@3b5c665c
23:49:36.339 [main] DEBUG org.hibernate.type.BasicTypeRegistry - Adding type registration java.util.TimeZone -> org.hibernate.type.TimeZoneType@3b5c665c
23:49:36.340 [main] DEBUG org.hibernate.type.BasicTypeRegistry - Adding type registration class -> org.hibernate.type.ClassType@fe7b6b0
23:49:36.341 [main] DEBUG org.hibernate.type.BasicTypeRegistry - Adding type registration java.lang.Class -> org.hibernate.type.ClassType@fe7b6b0
23:49:36.344 [main] DEBUG org.hibernate.type.BasicTypeRegistry - Adding type registration uuid-binary -> org.hibernate.type.UUIDBinaryType@7da39774
23:49:36.344 [main] DEBUG org.hibernate.type.BasicTypeRegistry - Adding type registration java.util.UUID -> org.hibernate.type.UUIDBinaryType@7da39774
23:49:36.345 [main] DEBUG org.hibernate.type.BasicTypeRegistry - Adding type registration uuid-char -> org.hibernate.type.UUIDCharType@2aaf152b
23:49:36.347 [main] DEBUG org.hibernate.type.BasicTypeRegistry - Adding type registration binary -> org.hibernate.type.BinaryType@28bdbe88
23:49:36.347 [main] DEBUG org.hibernate.type.BasicTypeRegistry - Adding type registration byte[] -> org.hibernate.type.BinaryType@28bdbe88
23:49:36.347 [main] DEBUG org.hibernate.type.BasicTypeRegistry - Adding type registration [B -> org.hibernate.type.BinaryType@28bdbe88
23:49:36.349 [main] DEBUG org.hibernate.type.BasicTypeRegistry - Adding type registration wrapper-binary -> org.hibernate.type.WrapperBinaryType@313f8301
23:49:36.349 [main] DEBUG org.hibernate.type.BasicTypeRegistry - Adding type registration Byte[] -> org.hibernate.type.WrapperBinaryType@313f8301
23:49:36.349 [main] DEBUG org.hibernate.type.BasicTypeRegistry - Adding type registration [Ljava.lang.Byte; -> org.hibernate.type.WrapperBinaryType@313f8301
23:49:36.350 [main] DEBUG org.hibernate.type.BasicTypeRegistry - Adding type registration row_version -> org.hibernate.type.RowVersionType@444f44c5
23:49:36.351 [main] DEBUG org.hibernate.type.BasicTypeRegistry - Adding type registration image -> org.hibernate.type.ImageType@57f847af
23:49:36.354 [main] DEBUG org.hibernate.type.BasicTypeRegistry - Adding type registration characters -> org.hibernate.type.CharArrayType@35a0e495
23:49:36.354 [main] DEBUG org.hibernate.type.BasicTypeRegistry - Adding type registration char[] -> org.hibernate.type.CharArrayType@35a0e495
23:49:36.354 [main] DEBUG org.hibernate.type.BasicTypeRegistry - Adding type registration [C -> org.hibernate.type.CharArrayType@35a0e495
23:49:36.355 [main] DEBUG org.hibernate.type.BasicTypeRegistry - Adding type registration wrapper-characters -> org.hibernate.type.CharacterArrayType@24534cb0
23:49:36.357 [main] DEBUG org.hibernate.type.BasicTypeRegistry - Adding type registration [Ljava.lang.Character; -> org.hibernate.type.CharacterArrayType@24534cb0
23:49:36.357 [main] DEBUG org.hibernate.type.BasicTypeRegistry - Adding type registration Character[] -> org.hibernate.type.CharacterArrayType@24534cb0
23:49:36.358 [main] DEBUG org.hibernate.type.BasicTypeRegistry - Adding type registration text -> org.hibernate.type.TextType@dd71b20
23:49:36.359 [main] DEBUG org.hibernate.type.BasicTypeRegistry - Adding type registration ntext -> org.hibernate.type.NTextType@370c1968
23:49:36.363 [main] DEBUG org.hibernate.type.BasicTypeRegistry - Adding type registration blob -> org.hibernate.type.BlobType@7a3e5cd3
23:49:36.363 [main] DEBUG org.hibernate.type.BasicTypeRegistry - Adding type registration java.sql.Blob -> org.hibernate.type.BlobType@7a3e5cd3
23:49:36.364 [main] DEBUG org.hibernate.type.BasicTypeRegistry - Adding type registration materialized_blob -> org.hibernate.type.MaterializedBlobType@791c12e3
23:49:36.367 [main] DEBUG org.hibernate.type.BasicTypeRegistry - Adding type registration clob -> org.hibernate.type.ClobType@288f173f
23:49:36.367 [main] DEBUG org.hibernate.type.BasicTypeRegistry - Adding type registration java.sql.Clob -> org.hibernate.type.ClobType@288f173f
23:49:36.370 [main] DEBUG org.hibernate.type.BasicTypeRegistry - Adding type registration nclob -> org.hibernate.type.NClobType@5922d3e9
23:49:36.370 [main] DEBUG org.hibernate.type.BasicTypeRegistry - Adding type registration java.sql.NClob -> org.hibernate.type.NClobType@5922d3e9
23:49:36.370 [main] DEBUG org.hibernate.type.BasicTypeRegistry - Adding type registration materialized_clob -> org.hibernate.type.MaterializedClobType@5f95f1e1
23:49:36.370 [main] DEBUG org.hibernate.type.BasicTypeRegistry - Adding type registration materialized_nclob -> org.hibernate.type.MaterializedNClobType@7e72a6cc
23:49:36.373 [main] DEBUG org.hibernate.type.BasicTypeRegistry - Adding type registration serializable -> org.hibernate.type.SerializableType@43c87306
23:49:36.380 [main] DEBUG org.hibernate.type.BasicTypeRegistry - Adding type registration object -> org.hibernate.type.ObjectType@1c9fbb61
23:49:36.380 [main] DEBUG org.hibernate.type.BasicTypeRegistry - Adding type registration java.lang.Object -> org.hibernate.type.ObjectType@1c9fbb61
23:49:36.381 [main] DEBUG org.hibernate.type.BasicTypeRegistry - Adding type registration imm_date -> org.hibernate.type.AdaptedImmutableType@36c281ed
23:49:36.381 [main] DEBUG org.hibernate.type.BasicTypeRegistry - Adding type registration imm_time -> org.hibernate.type.AdaptedImmutableType@244418a
23:49:36.381 [main] DEBUG org.hibernate.type.BasicTypeRegistry - Adding type registration imm_timestamp -> org.hibernate.type.AdaptedImmutableType@4b5a078a
23:49:36.381 [main] DEBUG org.hibernate.type.BasicTypeRegistry - Adding type registration imm_dbtimestamp -> org.hibernate.type.AdaptedImmutableType@4c361f63
23:49:36.381 [main] DEBUG org.hibernate.type.BasicTypeRegistry - Adding type registration imm_calendar -> org.hibernate.type.AdaptedImmutableType@6ed922e1
23:49:36.381 [main] DEBUG org.hibernate.type.BasicTypeRegistry - Adding type registration imm_calendar_date -> org.hibernate.type.AdaptedImmutableType@4eb166a1
23:49:36.381 [main] DEBUG org.hibernate.type.BasicTypeRegistry - Adding type registration imm_binary -> org.hibernate.type.AdaptedImmutableType@554c4eaa
23:49:36.381 [main] DEBUG org.hibernate.type.BasicTypeRegistry - Adding type registration imm_serializable -> org.hibernate.type.AdaptedImmutableType@29fd8e67
23:49:36.449 [main] DEBUG org.hibernate.id.factory.internal.DefaultIdentifierGeneratorFactory - Registering IdentifierGenerator strategy [uuid2] -> [org.hibernate.id.UUIDGenerator]
23:49:36.449 [main] DEBUG org.hibernate.id.factory.internal.DefaultIdentifierGeneratorFactory - Registering IdentifierGenerator strategy [guid] -> [org.hibernate.id.GUIDGenerator]
23:49:36.450 [main] DEBUG org.hibernate.id.factory.internal.DefaultIdentifierGeneratorFactory - Registering IdentifierGenerator strategy [uuid] -> [org.hibernate.id.UUIDHexGenerator]
23:49:36.450 [main] DEBUG org.hibernate.id.factory.internal.DefaultIdentifierGeneratorFactory - Registering IdentifierGenerator strategy [uuid.hex] -> [org.hibernate.id.UUIDHexGenerator]
23:49:36.451 [main] DEBUG org.hibernate.id.factory.internal.DefaultIdentifierGeneratorFactory - Registering IdentifierGenerator strategy [assigned] -> [org.hibernate.id.Assigned]
23:49:36.452 [main] DEBUG org.hibernate.id.factory.internal.DefaultIdentifierGeneratorFactory - Registering IdentifierGenerator strategy [identity] -> [org.hibernate.id.IdentityGenerator]
23:49:36.453 [main] DEBUG org.hibernate.id.factory.internal.DefaultIdentifierGeneratorFactory - Registering IdentifierGenerator strategy [select] -> [org.hibernate.id.SelectGenerator]
23:49:36.454 [main] DEBUG org.hibernate.id.factory.internal.DefaultIdentifierGeneratorFactory - Registering IdentifierGenerator strategy [sequence] -> [org.hibernate.id.enhanced.SequenceStyleGenerator]
23:49:36.455 [main] DEBUG org.hibernate.id.factory.internal.DefaultIdentifierGeneratorFactory - Registering IdentifierGenerator strategy [seqhilo] -> [org.hibernate.id.SequenceHiLoGenerator]
23:49:36.457 [main] DEBUG org.hibernate.id.factory.internal.DefaultIdentifierGeneratorFactory - Registering IdentifierGenerator strategy [increment] -> [org.hibernate.id.IncrementGenerator]
23:49:36.457 [main] DEBUG org.hibernate.id.factory.internal.DefaultIdentifierGeneratorFactory - Registering IdentifierGenerator strategy [foreign] -> [org.hibernate.id.ForeignGenerator]
23:49:36.459 [main] DEBUG org.hibernate.id.factory.internal.DefaultIdentifierGeneratorFactory - Registering IdentifierGenerator strategy [sequence-identity] -> [org.hibernate.id.SequenceIdentityGenerator]
23:49:36.459 [main] DEBUG org.hibernate.id.factory.internal.DefaultIdentifierGeneratorFactory - Registering IdentifierGenerator strategy [enhanced-sequence] -> [org.hibernate.id.enhanced.SequenceStyleGenerator]
23:49:36.460 [main] DEBUG org.hibernate.id.factory.internal.DefaultIdentifierGeneratorFactory - Registering IdentifierGenerator strategy [enhanced-table] -> [org.hibernate.id.enhanced.TableGenerator]
23:49:36.468 [main] WARN org.hibernate.orm.connections.pooling - HHH10001002: Using Hibernate built-in connection pool (not for production use!)
23:49:36.473 [main] INFO org.hibernate.orm.connections.pooling - HHH10001005: using driver [org.h2.Driver] at URL [jdbc:h2:mem:testdb;DB_CLOSE_DELAY=-1]
23:49:36.473 [main] INFO org.hibernate.orm.connections.pooling - HHH10001001: Connection properties: {password=, user=sa}
23:49:36.474 [main] INFO org.hibernate.orm.connections.pooling - HHH10001003: Autocommit mode: false
23:49:36.478 [main] DEBUG org.hibernate.engine.jdbc.connections.internal.DriverManagerConnectionProviderImpl - Initializing Connection pool with 1 Connections
23:49:36.479 [main] INFO org.hibernate.engine.jdbc.connections.internal.DriverManagerConnectionProviderImpl - HHH000115: Hibernate connection pool size: 20 (min=1)
23:49:37.068 [main] DEBUG org.hibernate.engine.jdbc.env.internal.JdbcEnvironmentInitiator - Database ->
       name : H2
    version : 2.2.224 (2023-09-17)
      major : 2
      minor : 2
23:49:37.069 [main] DEBUG org.hibernate.engine.jdbc.env.internal.JdbcEnvironmentInitiator - Driver ->
       name : H2 JDBC Driver
    version : 2.2.224 (2023-09-17)
      major : 2
      minor : 2
23:49:37.069 [main] DEBUG org.hibernate.engine.jdbc.env.internal.JdbcEnvironmentInitiator - JDBC version : 4.2
23:49:37.100 [main] INFO org.hibernate.dialect.Dialect - HHH000400: Using dialect: org.hibernate.dialect.H2Dialect
23:49:37.144 [main] DEBUG org.hibernate.engine.jdbc.env.spi.IdentifierHelperBuilder - JDBC driver metadata reported database stores quoted identifiers in neither upper, lower nor mixed case
23:49:37.217 [main] DEBUG org.hibernate.type.spi.TypeConfiguration$Scope - Scoping TypeConfiguration [org.hibernate.type.spi.TypeConfiguration@539dd2d0] to MetadataBuildingContext [org.hibernate.boot.internal.MetadataBuildingContextRootImpl@3428420d]
23:49:37.311 [main] DEBUG org.hibernate.boot.model.relational.Namespace - Created database namespace [logicalName=Name{catalog=null, schema=null}, physicalName=Name{catalog=null, schema=null}]
23:49:37.345 [main] DEBUG org.hibernate.cfg.AnnotationBinder - Binding entity from annotated class: com.veterinary.Owner
23:49:37.379 [main] DEBUG org.hibernate.cfg.Ejb3Column - Binding column: Ejb3DiscriminatorColumn{logicalColumnName'DTYPE', discriminatorTypeName='string'}
23:49:37.387 [main] DEBUG org.hibernate.cfg.annotations.EntityBinder - Import with entity name Owner
23:49:37.390 [main] DEBUG org.hibernate.cfg.annotations.EntityBinder - Bind entity com.veterinary.Owner on table owner
23:49:37.435 [main] DEBUG org.hibernate.cfg.Ejb3Column - Binding column: Ejb3Column{table=org.hibernate.mapping.Table(owner), mappingColumn=owner_id, insertable=true, updatable=true, unique=false}
23:49:37.439 [main] DEBUG org.hibernate.boot.internal.ClassLoaderAccessImpl - Not known whether passed class name [com.veterinary.Owner] is safe
23:49:37.440 [main] DEBUG org.hibernate.boot.internal.ClassLoaderAccessImpl - No temp ClassLoader provided; using live ClassLoader for loading potentially unsafe class : com.veterinary.Owner
23:49:37.442 [main] DEBUG org.hibernate.cfg.annotations.PropertyBinder - MetadataSourceProcessor property ownerId with lazy=false
23:49:37.445 [main] DEBUG org.hibernate.cfg.AbstractPropertyHolder - Attempting to locate auto-apply AttributeConverter for property [com.veterinary.Owner:ownerId]
23:49:37.447 [main] DEBUG org.hibernate.cfg.annotations.SimpleValueBinder - building SimpleValue for ownerId
23:49:37.450 [main] DEBUG org.hibernate.cfg.annotations.PropertyBinder - Building property ownerId
23:49:37.454 [main] DEBUG org.hibernate.cfg.BinderHelper - #makeIdGenerator(org.hibernate.mapping.SimpleValue([org.hibernate.mapping.Column(owner_id)]), ownerId, identity, , ...)
23:49:37.454 [main] DEBUG org.hibernate.cfg.Ejb3Column - Binding column: Ejb3Column{table=org.hibernate.mapping.Table(owner), mappingColumn=apartment, insertable=true, updatable=true, unique=false}
23:49:37.455 [main] DEBUG org.hibernate.cfg.annotations.PropertyBinder - MetadataSourceProcessor property apartment with lazy=false
23:49:37.455 [main] DEBUG org.hibernate.cfg.AbstractPropertyHolder - Attempting to locate auto-apply AttributeConverter for property [com.veterinary.Owner:apartment]
23:49:37.455 [main] DEBUG org.hibernate.cfg.annotations.SimpleValueBinder - building SimpleValue for apartment
23:49:37.455 [main] DEBUG org.hibernate.cfg.annotations.PropertyBinder - Building property apartment
23:49:37.455 [main] DEBUG org.hibernate.cfg.Ejb3Column - Binding column: Ejb3Column{table=org.hibernate.mapping.Table(owner), mappingColumn=city, insertable=true, updatable=true, unique=false}
23:49:37.455 [main] DEBUG org.hibernate.cfg.annotations.PropertyBinder - MetadataSourceProcessor property city with lazy=false
23:49:37.455 [main] DEBUG org.hibernate.cfg.AbstractPropertyHolder - Attempting to locate auto-apply AttributeConverter for property [com.veterinary.Owner:city]
23:49:37.456 [main] DEBUG org.hibernate.cfg.annotations.SimpleValueBinder - building SimpleValue for city
23:49:37.456 [main] DEBUG org.hibernate.cfg.annotations.PropertyBinder - Building property city
23:49:37.456 [main] DEBUG org.hibernate.cfg.Ejb3Column - Binding column: Ejb3Column{table=org.hibernate.mapping.Table(owner), mappingColumn=first_name, insertable=true, updatable=true, unique=false}
23:49:37.456 [main] DEBUG org.hibernate.cfg.annotations.PropertyBinder - MetadataSourceProcessor property firstName with lazy=false
23:49:37.456 [main] DEBUG org.hibernate.cfg.AbstractPropertyHolder - Attempting to locate auto-apply AttributeConverter for property [com.veterinary.Owner:firstName]
23:49:37.456 [main] DEBUG org.hibernate.cfg.annotations.SimpleValueBinder - building SimpleValue for firstName
23:49:37.456 [main] DEBUG org.hibernate.cfg.annotations.PropertyBinder - Building property firstName
23:49:37.456 [main] DEBUG org.hibernate.cfg.Ejb3Column - Binding column: Ejb3Column{table=org.hibernate.mapping.Table(owner), mappingColumn=house, insertable=true, updatable=true, unique=false}
23:49:37.457 [main] DEBUG org.hibernate.cfg.annotations.PropertyBinder - MetadataSourceProcessor property house with lazy=false
23:49:37.457 [main] DEBUG org.hibernate.cfg.AbstractPropertyHolder - Attempting to locate auto-apply AttributeConverter for property [com.veterinary.Owner:house]
23:49:37.457 [main] DEBUG org.hibernate.cfg.annotations.SimpleValueBinder - building SimpleValue for house
23:49:37.457 [main] DEBUG org.hibernate.cfg.annotations.PropertyBinder - Building property house
23:49:37.457 [main] DEBUG org.hibernate.cfg.Ejb3Column - Binding column: Ejb3Column{table=org.hibernate.mapping.Table(owner), mappingColumn=last_name, insertable=true, updatable=true, unique=false}
23:49:37.457 [main] DEBUG org.hibernate.cfg.annotations.PropertyBinder - MetadataSourceProcessor property lastName with lazy=false
23:49:37.457 [main] DEBUG org.hibernate.cfg.AbstractPropertyHolder - Attempting to locate auto-apply AttributeConverter for property [com.veterinary.Owner:lastName]
23:49:37.457 [main] DEBUG org.hibernate.cfg.annotations.SimpleValueBinder - building SimpleValue for lastName
23:49:37.457 [main] DEBUG org.hibernate.cfg.annotations.PropertyBinder - Building property lastName
23:49:37.457 [main] DEBUG org.hibernate.cfg.Ejb3Column - Binding column: Ejb3Column{table=org.hibernate.mapping.Table(owner), mappingColumn=middle_name, insertable=true, updatable=true, unique=false}
23:49:37.457 [main] DEBUG org.hibernate.cfg.annotations.PropertyBinder - MetadataSourceProcessor property middleName with lazy=false
23:49:37.457 [main] DEBUG org.hibernate.cfg.AbstractPropertyHolder - Attempting to locate auto-apply AttributeConverter for property [com.veterinary.Owner:middleName]
23:49:37.457 [main] DEBUG org.hibernate.cfg.annotations.SimpleValueBinder - building SimpleValue for middleName
23:49:37.457 [main] DEBUG org.hibernate.cfg.annotations.PropertyBinder - Building property middleName
23:49:37.457 [main] DEBUG org.hibernate.cfg.Ejb3Column - Binding column: Ejb3Column{table=org.hibernate.mapping.Table(owner), mappingColumn=phone, insertable=true, updatable=true, unique=true}
23:49:37.457 [main] DEBUG org.hibernate.cfg.annotations.PropertyBinder - MetadataSourceProcessor property phone with lazy=false
23:49:37.458 [main] DEBUG org.hibernate.cfg.AbstractPropertyHolder - Attempting to locate auto-apply AttributeConverter for property [com.veterinary.Owner:phone]
23:49:37.458 [main] DEBUG org.hibernate.cfg.annotations.SimpleValueBinder - building SimpleValue for phone
23:49:37.458 [main] DEBUG org.hibernate.cfg.annotations.PropertyBinder - Building property phone
23:49:37.458 [main] DEBUG org.hibernate.cfg.Ejb3Column - Binding column: Ejb3Column{table=org.hibernate.mapping.Table(owner), mappingColumn=street, insertable=true, updatable=true, unique=false}
23:49:37.458 [main] DEBUG org.hibernate.cfg.annotations.PropertyBinder - MetadataSourceProcessor property street with lazy=false
23:49:37.458 [main] DEBUG org.hibernate.cfg.AbstractPropertyHolder - Attempting to locate auto-apply AttributeConverter for property [com.veterinary.Owner:street]
23:49:37.458 [main] DEBUG org.hibernate.cfg.annotations.SimpleValueBinder - building SimpleValue for street
23:49:37.458 [main] DEBUG org.hibernate.cfg.annotations.PropertyBinder - Building property street
23:49:37.468 [main] DEBUG org.hibernate.cfg.AnnotationBinder - Binding entity from annotated class: com.veterinary.Veterinarian
23:49:37.468 [main] DEBUG org.hibernate.cfg.Ejb3Column - Binding column: Ejb3DiscriminatorColumn{logicalColumnName'DTYPE', discriminatorTypeName='string'}
23:49:37.469 [main] DEBUG org.hibernate.cfg.annotations.EntityBinder - Import with entity name Veterinarian
23:49:37.469 [main] DEBUG org.hibernate.cfg.annotations.EntityBinder - Bind entity com.veterinary.Veterinarian on table veterinarian
23:49:37.472 [main] DEBUG org.hibernate.cfg.Ejb3Column - Binding column: Ejb3Column{table=org.hibernate.mapping.Table(veterinarian), mappingColumn=id, insertable=true, updatable=true, unique=false}
23:49:37.472 [main] DEBUG org.hibernate.boot.internal.ClassLoaderAccessImpl - Not known whether passed class name [com.veterinary.Veterinarian] is safe
23:49:37.472 [main] DEBUG org.hibernate.boot.internal.ClassLoaderAccessImpl - No temp ClassLoader provided; using live ClassLoader for loading potentially unsafe class : com.veterinary.Veterinarian
23:49:37.472 [main] DEBUG org.hibernate.cfg.annotations.PropertyBinder - MetadataSourceProcessor property id with lazy=false
23:49:37.472 [main] DEBUG org.hibernate.cfg.AbstractPropertyHolder - Attempting to locate auto-apply AttributeConverter for property [com.veterinary.Veterinarian:id]
23:49:37.472 [main] DEBUG org.hibernate.cfg.annotations.SimpleValueBinder - building SimpleValue for id
23:49:37.473 [main] DEBUG org.hibernate.cfg.annotations.PropertyBinder - Building property id
23:49:37.473 [main] DEBUG org.hibernate.cfg.BinderHelper - #makeIdGenerator(org.hibernate.mapping.SimpleValue([org.hibernate.mapping.Column(id)]), id, identity, , ...)
23:49:37.473 [main] DEBUG org.hibernate.cfg.Ejb3Column - Binding column: Ejb3Column{table=org.hibernate.mapping.Table(veterinarian), mappingColumn=experienceYears, insertable=true, updatable=true, unique=false}
23:49:37.473 [main] DEBUG org.hibernate.cfg.annotations.PropertyBinder - MetadataSourceProcessor property experienceYears with lazy=false
23:49:37.473 [main] DEBUG org.hibernate.cfg.AbstractPropertyHolder - Attempting to locate auto-apply AttributeConverter for property [com.veterinary.Veterinarian:experienceYears]
23:49:37.473 [main] DEBUG org.hibernate.cfg.annotations.SimpleValueBinder - building SimpleValue for experienceYears
23:49:37.473 [main] DEBUG org.hibernate.cfg.annotations.PropertyBinder - Building property experienceYears
23:49:37.474 [main] DEBUG org.hibernate.cfg.Ejb3Column - Binding column: Ejb3Column{table=org.hibernate.mapping.Table(veterinarian), mappingColumn=fullName, insertable=true, updatable=true, unique=false}
23:49:37.474 [main] DEBUG org.hibernate.cfg.annotations.PropertyBinder - MetadataSourceProcessor property fullName with lazy=false
23:49:37.474 [main] DEBUG org.hibernate.cfg.AbstractPropertyHolder - Attempting to locate auto-apply AttributeConverter for property [com.veterinary.Veterinarian:fullName]
23:49:37.474 [main] DEBUG org.hibernate.cfg.annotations.SimpleValueBinder - building SimpleValue for fullName
23:49:37.474 [main] DEBUG org.hibernate.cfg.annotations.PropertyBinder - Building property fullName
23:49:37.474 [main] DEBUG org.hibernate.cfg.AnnotationBinder - Binding entity from annotated class: com.veterinary.Pet
23:49:37.474 [main] DEBUG org.hibernate.cfg.Ejb3Column - Binding column: Ejb3DiscriminatorColumn{logicalColumnName'DTYPE', discriminatorTypeName='string'}
23:49:37.475 [main] DEBUG org.hibernate.cfg.annotations.EntityBinder - Import with entity name Pet
23:49:37.475 [main] DEBUG org.hibernate.cfg.annotations.EntityBinder - Bind entity com.veterinary.Pet on table pet
23:49:37.493 [main] DEBUG org.hibernate.cfg.Ejb3Column - Binding column: Ejb3Column{table=org.hibernate.mapping.Table(pet), mappingColumn=pet_id, insertable=true, updatable=true, unique=false}
23:49:37.494 [main] DEBUG org.hibernate.boot.internal.ClassLoaderAccessImpl - Not known whether passed class name [com.veterinary.Pet] is safe
23:49:37.495 [main] DEBUG org.hibernate.boot.internal.ClassLoaderAccessImpl - No temp ClassLoader provided; using live ClassLoader for loading potentially unsafe class : com.veterinary.Pet
23:49:37.495 [main] DEBUG org.hibernate.cfg.annotations.PropertyBinder - MetadataSourceProcessor property petId with lazy=false
23:49:37.495 [main] DEBUG org.hibernate.cfg.AbstractPropertyHolder - Attempting to locate auto-apply AttributeConverter for property [com.veterinary.Pet:petId]
23:49:37.495 [main] DEBUG org.hibernate.cfg.annotations.SimpleValueBinder - building SimpleValue for petId
23:49:37.495 [main] DEBUG org.hibernate.cfg.annotations.PropertyBinder - Building property petId
23:49:37.496 [main] DEBUG org.hibernate.cfg.BinderHelper - #makeIdGenerator(org.hibernate.mapping.SimpleValue([org.hibernate.mapping.Column(pet_id)]), petId, identity, , ...)
23:49:37.497 [main] DEBUG org.hibernate.cfg.Ejb3Column - Binding column: Ejb3Column{table=org.hibernate.mapping.Table(pet), mappingColumn=name, insertable=true, updatable=true, unique=false}
23:49:37.497 [main] DEBUG org.hibernate.cfg.annotations.PropertyBinder - MetadataSourceProcessor property name with lazy=false
23:49:37.498 [main] DEBUG org.hibernate.cfg.AbstractPropertyHolder - Attempting to locate auto-apply AttributeConverter for property [com.veterinary.Pet:name]
23:49:37.498 [main] DEBUG org.hibernate.cfg.annotations.SimpleValueBinder - building SimpleValue for name
23:49:37.498 [main] DEBUG org.hibernate.cfg.annotations.PropertyBinder - Building property name
23:49:37.502 [main] DEBUG org.hibernate.cfg.Ejb3Column - Binding column: Ejb3JoinColumn{logicalColumnName='owner_id', referencedColumn='', mappedBy=''}
23:49:37.503 [main] DEBUG org.hibernate.cfg.Ejb3Column - Binding column: Ejb3Column{table=org.hibernate.mapping.Table(pet), mappingColumn=owner, insertable=true, updatable=true, unique=false}
23:49:37.514 [main] DEBUG org.hibernate.cfg.annotations.PropertyBinder - Building property owner
23:49:37.515 [main] DEBUG org.hibernate.cfg.Ejb3Column - Binding column: Ejb3Column{table=org.hibernate.mapping.Table(pet), mappingColumn=species, insertable=true, updatable=true, unique=false}
23:49:37.516 [main] DEBUG org.hibernate.cfg.annotations.PropertyBinder - MetadataSourceProcessor property species with lazy=false
23:49:37.516 [main] DEBUG org.hibernate.cfg.AbstractPropertyHolder - Attempting to locate auto-apply AttributeConverter for property [com.veterinary.Pet:species]
23:49:37.517 [main] DEBUG org.hibernate.cfg.annotations.SimpleValueBinder - building SimpleValue for species
23:49:37.517 [main] DEBUG org.hibernate.cfg.annotations.PropertyBinder - Building property species
23:49:37.518 [main] DEBUG org.hibernate.cfg.AnnotationBinder - Binding entity from annotated class: com.veterinary.Appointment
23:49:37.518 [main] DEBUG org.hibernate.cfg.Ejb3Column - Binding column: Ejb3DiscriminatorColumn{logicalColumnName'DTYPE', discriminatorTypeName='string'}
23:49:37.518 [main] DEBUG org.hibernate.cfg.annotations.EntityBinder - Import with entity name Appointment
23:49:37.518 [main] DEBUG org.hibernate.cfg.annotations.EntityBinder - Bind entity com.veterinary.Appointment on table appointment
23:49:37.520 [main] DEBUG org.hibernate.cfg.Ejb3Column - Binding column: Ejb3Column{table=org.hibernate.mapping.Table(appointment), mappingColumn=id, insertable=true, updatable=true, unique=false}
23:49:37.520 [main] DEBUG org.hibernate.boot.internal.ClassLoaderAccessImpl - Not known whether passed class name [com.veterinary.Appointment] is safe
23:49:37.520 [main] DEBUG org.hibernate.boot.internal.ClassLoaderAccessImpl - No temp ClassLoader provided; using live ClassLoader for loading potentially unsafe class : com.veterinary.Appointment
23:49:37.520 [main] DEBUG org.hibernate.cfg.annotations.PropertyBinder - MetadataSourceProcessor property id with lazy=false
23:49:37.521 [main] DEBUG org.hibernate.cfg.AbstractPropertyHolder - Attempting to locate auto-apply AttributeConverter for property [com.veterinary.Appointment:id]
23:49:37.521 [main] DEBUG org.hibernate.cfg.annotations.SimpleValueBinder - building SimpleValue for id
23:49:37.521 [main] DEBUG org.hibernate.cfg.annotations.PropertyBinder - Building property id
23:49:37.521 [main] DEBUG org.hibernate.cfg.BinderHelper - #makeIdGenerator(org.hibernate.mapping.SimpleValue([org.hibernate.mapping.Column(id)]), id, identity, , ...)
23:49:37.521 [main] DEBUG org.hibernate.cfg.Ejb3Column - Binding column: Ejb3Column{table=org.hibernate.mapping.Table(appointment), mappingColumn=appointmentDate, insertable=true, updatable=true, unique=false}
23:49:37.521 [main] DEBUG org.hibernate.cfg.annotations.PropertyBinder - MetadataSourceProcessor property appointmentDate with lazy=false
23:49:37.521 [main] DEBUG org.hibernate.cfg.AbstractPropertyHolder - Attempting to locate auto-apply AttributeConverter for property [com.veterinary.Appointment:appointmentDate]
23:49:37.522 [main] DEBUG org.hibernate.cfg.annotations.SimpleValueBinder - building SimpleValue for appointmentDate
23:49:37.522 [main] DEBUG org.hibernate.cfg.annotations.PropertyBinder - Building property appointmentDate
23:49:37.523 [main] DEBUG org.hibernate.cfg.Ejb3Column - Binding column: Ejb3Column{table=org.hibernate.mapping.Table(appointment), mappingColumn=appointmentTime, insertable=true, updatable=true, unique=false}
23:49:37.523 [main] DEBUG org.hibernate.cfg.annotations.PropertyBinder - MetadataSourceProcessor property appointmentTime with lazy=false
23:49:37.523 [main] DEBUG org.hibernate.cfg.AbstractPropertyHolder - Attempting to locate auto-apply AttributeConverter for property [com.veterinary.Appointment:appointmentTime]
23:49:37.524 [main] DEBUG org.hibernate.cfg.annotations.SimpleValueBinder - building SimpleValue for appointmentTime
23:49:37.524 [main] DEBUG org.hibernate.cfg.annotations.PropertyBinder - Building property appointmentTime
23:49:37.524 [main] DEBUG org.hibernate.cfg.Ejb3Column - Binding column: Ejb3Column{table=org.hibernate.mapping.Table(appointment), mappingColumn=diagnosisTreatment, insertable=true, updatable=true, unique=false}
23:49:37.524 [main] DEBUG org.hibernate.cfg.annotations.PropertyBinder - MetadataSourceProcessor property diagnosisTreatment with lazy=false
23:49:37.524 [main] DEBUG org.hibernate.cfg.AbstractPropertyHolder - Attempting to locate auto-apply AttributeConverter for property [com.veterinary.Appointment:diagnosisTreatment]
23:49:37.524 [main] DEBUG org.hibernate.cfg.annotations.SimpleValueBinder - building SimpleValue for diagnosisTreatment
23:49:37.524 [main] DEBUG org.hibernate.cfg.annotations.PropertyBinder - Building property diagnosisTreatment
23:49:37.524 [main] DEBUG org.hibernate.cfg.Ejb3Column - Binding column: Ejb3Column{table=org.hibernate.mapping.Table(appointment), mappingColumn=isVaccinated, insertable=true, updatable=true, unique=false}
23:49:37.524 [main] DEBUG org.hibernate.cfg.annotations.PropertyBinder - MetadataSourceProcessor property isVaccinated with lazy=false
23:49:37.524 [main] DEBUG org.hibernate.cfg.AbstractPropertyHolder - Attempting to locate auto-apply AttributeConverter for property [com.veterinary.Appointment:isVaccinated]
23:49:37.524 [main] DEBUG org.hibernate.cfg.annotations.SimpleValueBinder - building SimpleValue for isVaccinated
23:49:37.524 [main] DEBUG org.hibernate.cfg.annotations.PropertyBinder - Building property isVaccinated
23:49:37.525 [main] DEBUG org.hibernate.cfg.Ejb3Column - Binding column: Ejb3JoinColumn{logicalColumnName='pet_id', referencedColumn='', mappedBy=''}
23:49:37.525 [main] DEBUG org.hibernate.cfg.Ejb3Column - Binding column: Ejb3Column{table=org.hibernate.mapping.Table(appointment), mappingColumn=pet, insertable=true, updatable=true, unique=false}
23:49:37.525 [main] DEBUG org.hibernate.cfg.annotations.PropertyBinder - Building property pet
23:49:37.525 [main] DEBUG org.hibernate.cfg.Ejb3Column - Binding column: Ejb3JoinColumn{logicalColumnName='vet_id', referencedColumn='', mappedBy=''}
23:49:37.525 [main] DEBUG org.hibernate.cfg.Ejb3Column - Binding column: Ejb3Column{table=org.hibernate.mapping.Table(appointment), mappingColumn=veterinarian, insertable=true, updatable=true, unique=false}
23:49:37.525 [main] DEBUG org.hibernate.cfg.annotations.PropertyBinder - Building property veterinarian
23:49:37.528 [main] DEBUG org.hibernate.cfg.annotations.SimpleValueBinder - Starting fillSimpleValue for ownerId
23:49:37.529 [main] DEBUG org.hibernate.cfg.annotations.SimpleValueBinder - Starting fillSimpleValue for apartment
23:49:37.529 [main] DEBUG org.hibernate.cfg.annotations.SimpleValueBinder - Starting fillSimpleValue for city
23:49:37.529 [main] DEBUG org.hibernate.cfg.annotations.SimpleValueBinder - Starting fillSimpleValue for firstName
23:49:37.529 [main] DEBUG org.hibernate.cfg.annotations.SimpleValueBinder - Starting fillSimpleValue for house
23:49:37.529 [main] DEBUG org.hibernate.cfg.annotations.SimpleValueBinder - Starting fillSimpleValue for lastName
23:49:37.529 [main] DEBUG org.hibernate.cfg.annotations.SimpleValueBinder - Starting fillSimpleValue for middleName
23:49:37.529 [main] DEBUG org.hibernate.cfg.annotations.SimpleValueBinder - Starting fillSimpleValue for phone
23:49:37.529 [main] DEBUG org.hibernate.cfg.annotations.SimpleValueBinder - Starting fillSimpleValue for street
23:49:37.529 [main] DEBUG org.hibernate.cfg.annotations.SimpleValueBinder - Starting fillSimpleValue for id
23:49:37.529 [main] DEBUG org.hibernate.cfg.annotations.SimpleValueBinder - Starting fillSimpleValue for experienceYears
23:49:37.529 [main] DEBUG org.hibernate.cfg.annotations.SimpleValueBinder - Starting fillSimpleValue for fullName
23:49:37.529 [main] DEBUG org.hibernate.cfg.annotations.SimpleValueBinder - Starting fillSimpleValue for petId
23:49:37.529 [main] DEBUG org.hibernate.cfg.annotations.SimpleValueBinder - Starting fillSimpleValue for name
23:49:37.529 [main] DEBUG org.hibernate.cfg.annotations.SimpleValueBinder - Starting fillSimpleValue for species
23:49:37.529 [main] DEBUG org.hibernate.cfg.annotations.SimpleValueBinder - Starting fillSimpleValue for id
23:49:37.529 [main] DEBUG org.hibernate.cfg.annotations.SimpleValueBinder - Starting fillSimpleValue for appointmentDate
23:49:37.529 [main] DEBUG org.hibernate.cfg.annotations.SimpleValueBinder - Starting fillSimpleValue for appointmentTime
23:49:37.529 [main] DEBUG org.hibernate.cfg.annotations.SimpleValueBinder - Starting fillSimpleValue for diagnosisTreatment
23:49:37.529 [main] DEBUG org.hibernate.cfg.annotations.SimpleValueBinder - Starting fillSimpleValue for isVaccinated
23:49:37.537 [main] DEBUG org.hibernate.mapping.PrimaryKey - Forcing column [owner_id] to be non-null as it is part of the primary key for table [owner]
23:49:37.538 [main] DEBUG org.hibernate.mapping.PrimaryKey - Forcing column [id] to be non-null as it is part of the primary key for table [veterinarian]
23:49:37.538 [main] DEBUG org.hibernate.mapping.PrimaryKey - Forcing column [pet_id] to be non-null as it is part of the primary key for table [pet]
23:49:37.538 [main] DEBUG org.hibernate.mapping.PrimaryKey - Forcing column [id] to be non-null as it is part of the primary key for table [appointment]
23:49:37.539 [main] DEBUG org.hibernate.boot.internal.InFlightMetadataCollectorImpl - Resolving reference to class: com.veterinary.Pet
23:49:37.543 [main] DEBUG org.hibernate.boot.internal.InFlightMetadataCollectorImpl - Resolving reference to class: com.veterinary.Veterinarian
23:49:37.544 [main] DEBUG org.hibernate.boot.internal.InFlightMetadataCollectorImpl - Resolving reference to class: com.veterinary.Owner
23:49:37.546 [main] DEBUG org.hibernate.boot.internal.InFlightMetadataCollectorImpl - Resolving reference to class: com.veterinary.Pet
23:49:37.546 [main] DEBUG org.hibernate.boot.internal.InFlightMetadataCollectorImpl - Resolving reference to class: com.veterinary.Veterinarian
23:49:37.546 [main] DEBUG org.hibernate.boot.internal.InFlightMetadataCollectorImpl - Resolving reference to class: com.veterinary.Owner
23:49:37.601 [main] DEBUG org.hibernate.internal.SessionFactoryImpl - Building session factory
23:49:37.601 [main] DEBUG org.hibernate.cfg.Settings - SessionFactory name : null
23:49:37.601 [main] DEBUG org.hibernate.cfg.Settings - Automatic flush during beforeCompletion(): enabled
23:49:37.601 [main] DEBUG org.hibernate.cfg.Settings - Automatic session close at end of transaction: disabled
23:49:37.601 [main] DEBUG org.hibernate.cfg.Settings - Statistics: disabled
23:49:37.601 [main] DEBUG org.hibernate.cfg.Settings - Deleted entity synthetic identifier rollback: disabled
23:49:37.601 [main] DEBUG org.hibernate.cfg.Settings - Default entity-mode: pojo
23:49:37.601 [main] DEBUG org.hibernate.cfg.Settings - Check Nullability in Core (should be disabled when Bean Validation is on): enabled
23:49:37.601 [main] DEBUG org.hibernate.cfg.Settings - Allow initialization of lazy state outside session : disabled
23:49:37.601 [main] DEBUG org.hibernate.cfg.Settings - Using BatchFetchStyle : LEGACY
23:49:37.601 [main] DEBUG org.hibernate.cfg.Settings - Default batch fetch size: -1
23:49:37.601 [main] DEBUG org.hibernate.cfg.Settings - Maximum outer join fetch depth: null
23:49:37.601 [main] DEBUG org.hibernate.cfg.Settings - Default null ordering: NONE
23:49:37.601 [main] DEBUG org.hibernate.cfg.Settings - Order SQL updates by primary key: disabled
23:49:37.601 [main] DEBUG org.hibernate.cfg.Settings - Order SQL inserts for batching: disabled
23:49:37.601 [main] DEBUG org.hibernate.cfg.Settings - multi-tenancy strategy : NONE
23:49:37.601 [main] DEBUG org.hibernate.cfg.Settings - JTA Track by Thread: enabled
23:49:37.601 [main] DEBUG org.hibernate.cfg.Settings - Query language substitutions: {}
23:49:37.602 [main] DEBUG org.hibernate.cfg.Settings - Named query checking : enabled
23:49:37.602 [main] DEBUG org.hibernate.cfg.Settings - Second-level cache: disabled
23:49:37.602 [main] DEBUG org.hibernate.cfg.Settings - Second-level query cache: disabled
23:49:37.602 [main] DEBUG org.hibernate.cfg.Settings - Second-level query cache factory: null
23:49:37.602 [main] DEBUG org.hibernate.cfg.Settings - Second-level cache region prefix: null
23:49:37.602 [main] DEBUG org.hibernate.cfg.Settings - Optimize second-level cache for minimal puts: disabled
23:49:37.602 [main] DEBUG org.hibernate.cfg.Settings - Structured second-level cache entries: disabled
23:49:37.602 [main] DEBUG org.hibernate.cfg.Settings - Second-level cache direct-reference entries: disabled
23:49:37.602 [main] DEBUG org.hibernate.cfg.Settings - Automatic eviction of collection cache: disabled
23:49:37.602 [main] DEBUG org.hibernate.cfg.Settings - JDBC batch size: 15
23:49:37.602 [main] DEBUG org.hibernate.cfg.Settings - JDBC batch updates for versioned data: enabled
23:49:37.602 [main] DEBUG org.hibernate.cfg.Settings - Scrollable result sets: enabled
23:49:37.602 [main] DEBUG org.hibernate.cfg.Settings - Wrap result sets: disabled
23:49:37.602 [main] DEBUG org.hibernate.cfg.Settings - JDBC3 getGeneratedKeys(): enabled
23:49:37.602 [main] DEBUG org.hibernate.cfg.Settings - JDBC result set fetch size: null
23:49:37.602 [main] DEBUG org.hibernate.cfg.Settings - Connection release mode: AFTER_TRANSACTION
23:49:37.602 [main] DEBUG org.hibernate.cfg.Settings - Generate SQL with comments: disabled
23:49:37.602 [main] DEBUG org.hibernate.cfg.Settings - JPA compliance - query : disabled
23:49:37.602 [main] DEBUG org.hibernate.cfg.Settings - JPA compliance - closed-handling : disabled
23:49:37.602 [main] DEBUG org.hibernate.cfg.Settings - JPA compliance - lists : disabled
23:49:37.602 [main] DEBUG org.hibernate.cfg.Settings - JPA compliance - transactions : disabled
23:49:37.683 [main] DEBUG org.hibernate.service.internal.SessionFactoryServiceRegistryImpl - EventListenerRegistry access via ServiceRegistry is deprecated.  Use `sessionFactory.getEventEngine().getListenerRegistry()` instead
23:49:37.684 [main] DEBUG org.hibernate.service.internal.SessionFactoryServiceRegistryImpl - EventListenerRegistry access via ServiceRegistry is deprecated.  Use `sessionFactory.getEventEngine().getListenerRegistry()` instead
23:49:37.701 [main] DEBUG org.hibernate.internal.SessionFactoryImpl - Session factory constructed with filter configurations : {}
23:49:37.702 [main] DEBUG org.hibernate.internal.SessionFactoryImpl - Instantiating session factory with properties: {java.specification.version=23, sun.cpu.isalist=amd64, sun.jnu.encoding=Cp1251, hibernate.dialect=org.hibernate.dialect.H2Dialect, java.class.path=C:\Users\YOONGIA\Downloads\Veterinary\target\test-classes;C:\Users\YOONGIA\Downloads\Veterinary\target\classes;C:\Users\YOONGIA\.m2\repository\org\hibernate\hibernate-core\5.6.14.Final\hibernate-core-5.6.14.Final.jar;C:\Users\YOONGIA\.m2\repository\org\jboss\logging\jboss-logging\3.4.3.Final\jboss-logging-3.4.3.Final.jar;C:\Users\YOONGIA\.m2\repository\net\bytebuddy\byte-buddy\1.12.18\byte-buddy-1.12.18.jar;C:\Users\YOONGIA\.m2\repository\antlr\antlr\2.7.7\antlr-2.7.7.jar;C:\Users\YOONGIA\.m2\repository\org\jboss\spec\javax\transaction\jboss-transaction-api_1.2_spec\1.1.1.Final\jboss-transaction-api_1.2_spec-1.1.1.Final.jar;C:\Users\YOONGIA\.m2\repository\org\jboss\jandex\2.4.2.Final\jandex-2.4.2.Final.jar;C:\Users\YOONGIA\.m2\repository\com\fasterxml\classmate\1.5.1\classmate-1.5.1.jar;C:\Users\YOONGIA\.m2\repository\javax\activation\javax.activation-api\1.2.0\javax.activation-api-1.2.0.jar;C:\Users\YOONGIA\.m2\repository\org\hibernate\common\hibernate-commons-annotations\5.1.2.Final\hibernate-commons-annotations-5.1.2.Final.jar;C:\Users\YOONGIA\.m2\repository\javax\xml\bind\jaxb-api\2.3.1\jaxb-api-2.3.1.jar;C:\Users\YOONGIA\.m2\repository\org\glassfish\jaxb\jaxb-runtime\2.3.1\jaxb-runtime-2.3.1.jar;C:\Users\YOONGIA\.m2\repository\org\glassfish\jaxb\txw2\2.3.1\txw2-2.3.1.jar;C:\Users\YOONGIA\.m2\repository\com\sun\istack\istack-commons-runtime\3.0.7\istack-commons-runtime-3.0.7.jar;C:\Users\YOONGIA\.m2\repository\org\jvnet\staxex\stax-ex\1.8\stax-ex-1.8.jar;C:\Users\YOONGIA\.m2\repository\com\sun\xml\fastinfoset\FastInfoset\1.2.15\FastInfoset-1.2.15.jar;C:\Users\YOONGIA\.m2\repository\org\postgresql\postgresql\42.2.23\postgresql-42.2.23.jar;C:\Users\YOONGIA\.m2\repository\org\checkerframework\checker-qual\3.5.0\checker-qual-3.5.0.jar;C:\Users\YOONGIA\.m2\repository\javax\persistence\javax.persistence-api\2.2\javax.persistence-api-2.2.jar;C:\Users\YOONGIA\.m2\repository\org\mongodb\mongodb-driver-sync\4.11.1\mongodb-driver-sync-4.11.1.jar;C:\Users\YOONGIA\.m2\repository\org\mongodb\bson\4.11.1\bson-4.11.1.jar;C:\Users\YOONGIA\.m2\repository\org\mongodb\mongodb-driver-core\4.11.1\mongodb-driver-core-4.11.1.jar;C:\Users\YOONGIA\.m2\repository\org\mongodb\bson-record-codec\4.11.1\bson-record-codec-4.11.1.jar;C:\Users\YOONGIA\.m2\repository\org\springframework\boot\spring-boot-starter-data-mongodb\2.5.4\spring-boot-starter-data-mongodb-2.5.4.jar;C:\Users\YOONGIA\.m2\repository\org\springframework\boot\spring-boot-starter\2.5.4\spring-boot-starter-2.5.4.jar;C:\Users\YOONGIA\.m2\repository\org\springframework\boot\spring-boot\2.5.4\spring-boot-2.5.4.jar;C:\Users\YOONGIA\.m2\repository\org\springframework\boot\spring-boot-autoconfigure\2.5.4\spring-boot-autoconfigure-2.5.4.jar;C:\Users\YOONGIA\.m2\repository\org\springframework\boot\spring-boot-starter-logging\2.5.4\spring-boot-starter-logging-2.5.4.jar;C:\Users\YOONGIA\.m2\repository\ch\qos\logback\logback-classic\1.2.5\logback-classic-1.2.5.jar;C:\Users\YOONGIA\.m2\repository\ch\qos\logback\logback-core\1.2.5\logback-core-1.2.5.jar;C:\Users\YOONGIA\.m2\repository\org\apache\logging\log4j\log4j-to-slf4j\2.14.1\log4j-to-slf4j-2.14.1.jar;C:\Users\YOONGIA\.m2\repository\org\apache\logging\log4j\log4j-api\2.14.1\log4j-api-2.14.1.jar;C:\Users\YOONGIA\.m2\repository\org\slf4j\jul-to-slf4j\1.7.32\jul-to-slf4j-1.7.32.jar;C:\Users\YOONGIA\.m2\repository\jakarta\annotation\jakarta.annotation-api\1.3.5\jakarta.annotation-api-1.3.5.jar;C:\Users\YOONGIA\.m2\repository\org\springframework\spring-core\5.3.9\spring-core-5.3.9.jar;C:\Users\YOONGIA\.m2\repository\org\springframework\spring-jcl\5.3.9\spring-jcl-5.3.9.jar;C:\Users\YOONGIA\.m2\repository\org\yaml\snakeyaml\1.28\snakeyaml-1.28.jar;C:\Users\YOONGIA\.m2\repository\org\springframework\data\spring-data-mongodb\3.2.4\spring-data-mongodb-3.2.4.jar;C:\Users\YOONGIA\.m2\repository\org\springframework\spring-tx\5.3.9\spring-tx-5.3.9.jar;C:\Users\YOONGIA\.m2\repository\org\springframework\spring-context\5.3.9\spring-context-5.3.9.jar;C:\Users\YOONGIA\.m2\repository\org\springframework\spring-aop\5.3.9\spring-aop-5.3.9.jar;C:\Users\YOONGIA\.m2\repository\org\springframework\spring-beans\5.3.9\spring-beans-5.3.9.jar;C:\Users\YOONGIA\.m2\repository\org\springframework\spring-expression\5.3.9\spring-expression-5.3.9.jar;C:\Users\YOONGIA\.m2\repository\org\springframework\data\spring-data-commons\2.5.4\spring-data-commons-2.5.4.jar;C:\Users\YOONGIA\.m2\repository\org\slf4j\slf4j-api\1.7.26\slf4j-api-1.7.26.jar;C:\Users\YOONGIA\.m2\repository\org\junit\jupiter\junit-jupiter-api\5.10.2\junit-jupiter-api-5.10.2.jar;C:\Users\YOONGIA\.m2\repository\org\opentest4j\opentest4j\1.3.0\opentest4j-1.3.0.jar;C:\Users\YOONGIA\.m2\repository\org\junit\platform\junit-platform-commons\1.10.2\junit-platform-commons-1.10.2.jar;C:\Users\YOONGIA\.m2\repository\org\apiguardian\apiguardian-api\1.1.2\apiguardian-api-1.1.2.jar;C:\Users\YOONGIA\.m2\repository\org\junit\jupiter\junit-jupiter-engine\5.10.2\junit-jupiter-engine-5.10.2.jar;C:\Users\YOONGIA\.m2\repository\org\junit\platform\junit-platform-engine\1.10.2\junit-platform-engine-1.10.2.jar;C:\Users\YOONGIA\.m2\repository\org\mockito\mockito-core\4.0.0\mockito-core-4.0.0.jar;C:\Users\YOONGIA\.m2\repository\net\bytebuddy\byte-buddy-agent\1.11.19\byte-buddy-agent-1.11.19.jar;C:\Users\YOONGIA\.m2\repository\org\objenesis\objenesis\3.2\objenesis-3.2.jar;C:\Users\YOONGIA\.m2\repository\org\mockito\mockito-junit-jupiter\4.0.0\mockito-junit-jupiter-4.0.0.jar;C:\Users\YOONGIA\.m2\repository\com\h2database\h2\2.2.224\h2-2.2.224.jar;, java.vm.vendor=Oracle Corporation, sun.arch.data.model=64, user.variant=, java.vendor.url=https://java.oracle.com/, user.timezone=Europe/Kiev, java.vm.specification.version=23, os.name=Windows 11, sun.java.launcher=SUN_STANDARD, user.country=UA, sun.boot.library.path=C:\Program Files\Java\jdk-23\bin, sun.java.command=C:\Users\YOONGIA\AppData\Local\Temp\surefire12150519155275370544\surefirebooter-20260512234933531_3.jar C:\Users\YOONGIA\AppData\Local\Temp\surefire12150519155275370544 2026-05-12T23-49-33_364-jvmRun1 surefire-20260512234933531_1tmp surefire_0-20260512234933531_2tmp, jdk.debug=release, surefire.test.class.path=C:\Users\YOONGIA\Downloads\Veterinary\target\test-classes;C:\Users\YOONGIA\Downloads\Veterinary\target\classes;C:\Users\YOONGIA\.m2\repository\org\hibernate\hibernate-core\5.6.14.Final\hibernate-core-5.6.14.Final.jar;C:\Users\YOONGIA\.m2\repository\org\jboss\logging\jboss-logging\3.4.3.Final\jboss-logging-3.4.3.Final.jar;C:\Users\YOONGIA\.m2\repository\net\bytebuddy\byte-buddy\1.12.18\byte-buddy-1.12.18.jar;C:\Users\YOONGIA\.m2\repository\antlr\antlr\2.7.7\antlr-2.7.7.jar;C:\Users\YOONGIA\.m2\repository\org\jboss\spec\javax\transaction\jboss-transaction-api_1.2_spec\1.1.1.Final\jboss-transaction-api_1.2_spec-1.1.1.Final.jar;C:\Users\YOONGIA\.m2\repository\org\jboss\jandex\2.4.2.Final\jandex-2.4.2.Final.jar;C:\Users\YOONGIA\.m2\repository\com\fasterxml\classmate\1.5.1\classmate-1.5.1.jar;C:\Users\YOONGIA\.m2\repository\javax\activation\javax.activation-api\1.2.0\javax.activation-api-1.2.0.jar;C:\Users\YOONGIA\.m2\repository\org\hibernate\common\hibernate-commons-annotations\5.1.2.Final\hibernate-commons-annotations-5.1.2.Final.jar;C:\Users\YOONGIA\.m2\repository\javax\xml\bind\jaxb-api\2.3.1\jaxb-api-2.3.1.jar;C:\Users\YOONGIA\.m2\repository\org\glassfish\jaxb\jaxb-runtime\2.3.1\jaxb-runtime-2.3.1.jar;C:\Users\YOONGIA\.m2\repository\org\glassfish\jaxb\txw2\2.3.1\txw2-2.3.1.jar;C:\Users\YOONGIA\.m2\repository\com\sun\istack\istack-commons-runtime\3.0.7\istack-commons-runtime-3.0.7.jar;C:\Users\YOONGIA\.m2\repository\org\jvnet\staxex\stax-ex\1.8\stax-ex-1.8.jar;C:\Users\YOONGIA\.m2\repository\com\sun\xml\fastinfoset\FastInfoset\1.2.15\FastInfoset-1.2.15.jar;C:\Users\YOONGIA\.m2\repository\org\postgresql\postgresql\42.2.23\postgresql-42.2.23.jar;C:\Users\YOONGIA\.m2\repository\org\checkerframework\checker-qual\3.5.0\checker-qual-3.5.0.jar;C:\Users\YOONGIA\.m2\repository\javax\persistence\javax.persistence-api\2.2\javax.persistence-api-2.2.jar;C:\Users\YOONGIA\.m2\repository\org\mongodb\mongodb-driver-sync\4.11.1\mongodb-driver-sync-4.11.1.jar;C:\Users\YOONGIA\.m2\repository\org\mongodb\bson\4.11.1\bson-4.11.1.jar;C:\Users\YOONGIA\.m2\repository\org\mongodb\mongodb-driver-core\4.11.1\mongodb-driver-core-4.11.1.jar;C:\Users\YOONGIA\.m2\repository\org\mongodb\bson-record-codec\4.11.1\bson-record-codec-4.11.1.jar;C:\Users\YOONGIA\.m2\repository\org\springframework\boot\spring-boot-starter-data-mongodb\2.5.4\spring-boot-starter-data-mongodb-2.5.4.jar;C:\Users\YOONGIA\.m2\repository\org\springframework\boot\spring-boot-starter\2.5.4\spring-boot-starter-2.5.4.jar;C:\Users\YOONGIA\.m2\repository\org\springframework\boot\spring-boot\2.5.4\spring-boot-2.5.4.jar;C:\Users\YOONGIA\.m2\repository\org\springframework\boot\spring-boot-autoconfigure\2.5.4\spring-boot-autoconfigure-2.5.4.jar;C:\Users\YOONGIA\.m2\repository\org\springframework\boot\spring-boot-starter-logging\2.5.4\spring-boot-starter-logging-2.5.4.jar;C:\Users\YOONGIA\.m2\repository\ch\qos\logback\logback-classic\1.2.5\logback-classic-1.2.5.jar;C:\Users\YOONGIA\.m2\repository\ch\qos\logback\logback-core\1.2.5\logback-core-1.2.5.jar;C:\Users\YOONGIA\.m2\repository\org\apache\logging\log4j\log4j-to-slf4j\2.14.1\log4j-to-slf4j-2.14.1.jar;C:\Users\YOONGIA\.m2\repository\org\apache\logging\log4j\log4j-api\2.14.1\log4j-api-2.14.1.jar;C:\Users\YOONGIA\.m2\repository\org\slf4j\jul-to-slf4j\1.7.32\jul-to-slf4j-1.7.32.jar;C:\Users\YOONGIA\.m2\repository\jakarta\annotation\jakarta.annotation-api\1.3.5\jakarta.annotation-api-1.3.5.jar;C:\Users\YOONGIA\.m2\repository\org\springframework\spring-core\5.3.9\spring-core-5.3.9.jar;C:\Users\YOONGIA\.m2\repository\org\springframework\spring-jcl\5.3.9\spring-jcl-5.3.9.jar;C:\Users\YOONGIA\.m2\repository\org\yaml\snakeyaml\1.28\snakeyaml-1.28.jar;C:\Users\YOONGIA\.m2\repository\org\springframework\data\spring-data-mongodb\3.2.4\spring-data-mongodb-3.2.4.jar;C:\Users\YOONGIA\.m2\repository\org\springframework\spring-tx\5.3.9\spring-tx-5.3.9.jar;C:\Users\YOONGIA\.m2\repository\org\springframework\spring-context\5.3.9\spring-context-5.3.9.jar;C:\Users\YOONGIA\.m2\repository\org\springframework\spring-aop\5.3.9\spring-aop-5.3.9.jar;C:\Users\YOONGIA\.m2\repository\org\springframework\spring-beans\5.3.9\spring-beans-5.3.9.jar;C:\Users\YOONGIA\.m2\repository\org\springframework\spring-expression\5.3.9\spring-expression-5.3.9.jar;C:\Users\YOONGIA\.m2\repository\org\springframework\data\spring-data-commons\2.5.4\spring-data-commons-2.5.4.jar;C:\Users\YOONGIA\.m2\repository\org\slf4j\slf4j-api\1.7.26\slf4j-api-1.7.26.jar;C:\Users\YOONGIA\.m2\repository\org\junit\jupiter\junit-jupiter-api\5.10.2\junit-jupiter-api-5.10.2.jar;C:\Users\YOONGIA\.m2\repository\org\opentest4j\opentest4j\1.3.0\opentest4j-1.3.0.jar;C:\Users\YOONGIA\.m2\repository\org\junit\platform\junit-platform-commons\1.10.2\junit-platform-commons-1.10.2.jar;C:\Users\YOONGIA\.m2\repository\org\apiguardian\apiguardian-api\1.1.2\apiguardian-api-1.1.2.jar;C:\Users\YOONGIA\.m2\repository\org\junit\jupiter\junit-jupiter-engine\5.10.2\junit-jupiter-engine-5.10.2.jar;C:\Users\YOONGIA\.m2\repository\org\junit\platform\junit-platform-engine\1.10.2\junit-platform-engine-1.10.2.jar;C:\Users\YOONGIA\.m2\repository\org\mockito\mockito-core\4.0.0\mockito-core-4.0.0.jar;C:\Users\YOONGIA\.m2\repository\net\bytebuddy\byte-buddy-agent\1.11.19\byte-buddy-agent-1.11.19.jar;C:\Users\YOONGIA\.m2\repository\org\objenesis\objenesis\3.2\objenesis-3.2.jar;C:\Users\YOONGIA\.m2\repository\org\mockito\mockito-junit-jupiter\4.0.0\mockito-junit-jupiter-4.0.0.jar;C:\Users\YOONGIA\.m2\repository\com\h2database\h2\2.2.224\h2-2.2.224.jar;, sun.cpu.endian=little, user.home=C:\Users\YOONGIA, user.language=uk, java.specification.vendor=Oracle Corporation, java.version.date=2024-10-15, java.home=C:\Program Files\Java\jdk-23, basedir=C:\Users\YOONGIA\Downloads\Veterinary, file.separator=\, java.vm.compressedOopsMode=Zero based, line.separator=
, java.vm.specification.vendor=Oracle Corporation, java.specification.name=Java Platform API Specification, surefire.real.class.path=C:\Users\YOONGIA\AppData\Local\Temp\surefire12150519155275370544\surefirebooter-20260512234933531_3.jar, hibernate.hbm2ddl.auto=create-drop, user.script=, sun.management.compiler=HotSpot 64-Bit Tiered Compilers, java.runtime.version=23.0.1+11-39, user.name=YOONGIA, stdout.encoding=Cp1251, path.separator=;, hibernate.connection.username=****, os.version=10.0, java.runtime.name=Java(TM) SE Runtime Environment, hibernate.connection.url=jdbc:h2:mem:testdb;DB_CLOSE_DELAY=-1, file.encoding=UTF-8, java.vm.name=Java HotSpot(TM) 64-Bit Server VM, hibernate.show_sql=false, hibernate.current_session_context_class=thread, localRepository=C:\Users\YOONGIA\.m2\repository, hibernate.connection.driver_class=org.h2.Driver, java.vendor.url.bug=https://bugreport.java.com/bugreport/, java.io.tmpdir=C:\Users\YOONGIA\AppData\Local\Temp\, java.version=23.0.1, user.dir=C:\Users\YOONGIA\Downloads\Veterinary, os.arch=amd64, java.vm.specification.name=Java Virtual Machine Specification, hibernate.connection.password=****, sun.os.patch.level=, hibernate.boot.CfgXmlAccessService.key=org.hibernate.boot.cfgxml.spi.LoadedConfig@4c0ab04f, native.encoding=Cp1251, java.library.path=C:\Program Files\Java\jdk-23\bin;C:\WINDOWS\Sun\Java\bin;C:\WINDOWS\system32;C:\WINDOWS;c:\Users\YOONGIA\AppData\Roaming\Code\User\globalStorage\github.copilot-chat\debugCommand;c:\Users\YOONGIA\AppData\Roaming\Code\User\globalStorage\github.copilot-chat\copilotCli;C:\Users\YOONGIA\AppData\Local\Programs\Microsoft VS Code;C:\Program Files\Common Files\Oracle\Java\javapath;C:\ProgramData\Oracle\Java\javapath;C:\Windows\system32;C:\Windows;C:\Windows\System32\Wbem;C:\Windows\System32\WindowsPowerShell\v1.0\;C:\Windows\System32\OpenSSH\;C:\Program Files (x86)\NoteBook FanControl\;C:\Program Files\Git\cmd;C:\Program Files (x86)\NVIDIA Corporation\PhysX\Common;C:\Users\YOONGIA\AppData\Roaming\nvm;C:\Program Files\nodejs;C:\WINDOWS\system32;C:\WINDOWS;C:\WINDOWS\System32\Wbem;C:\WINDOWS\System32\WindowsPowerShell\v1.0\;C:\WINDOWS\System32\OpenSSH\;C:\Program Files\dotnet\;D:\НАВЧАННЯ\ООП\Практика_3\apache-maven-3.9.9\bin;C:\Program Files\NVIDIA Corporation\NVIDIA app\NvDLISR;D:\study\ISMA\WebApplication\OpenSSL;D:\study\ISMA\WebApplication\OpenSSL_2;C:\OpenSSL;D:\НАВЧАННЯ\Бази даних\apache-maven-3.9.10-bin;C:\Users\YOONGIA\AppData\Local\Microsoft\WindowsApps;C:\Users\YOONGIA\AppData\Local\Programs\Microsoft VS Code\bin;C:\Users\YOONGIA\AppData\Roaming\nvm;C:\Program Files\nodejs;D:\НАВЧАННЯ\ООП\Практика_3\apache-maven-3.9.9;C:\Users\YOONGIA\.dotnet\tools;C:\OpenSSL;c:\Users\YOONGIA\.vscode\extensions\vscjava.vscode-java-debug-0.59.0\bundled\scripts\noConfigScripts;., java.vendor=Oracle Corporation, stderr.encoding=Cp1251, java.vm.info=mixed mode, sharing, java.vm.version=23.0.1+11-39, hibernate.bytecode.use_reflection_optimizer=false, sun.io.unicode.encoding=UnicodeLittle, java.class.version=67.0}
23:49:37.723 [main] DEBUG org.hibernate.secure.spi.JaccIntegrator - Skipping JACC integration as it was not enabled
23:49:37.725 [main] DEBUG org.hibernate.internal.SessionFactoryImpl - Instantiated session factory
23:49:37.725 [main] DEBUG org.hibernate.type.spi.TypeConfiguration$Scope - Scoping TypeConfiguration [org.hibernate.type.spi.TypeConfiguration@539dd2d0] to SessionFactoryImpl [org.hibernate.internal.SessionFactoryImpl@43b74979]
23:49:37.835 [main] DEBUG org.hibernate.boot.internal.ClassLoaderAccessImpl - Not known whether passed class name [com.veterinary.Pet] is safe
23:49:37.835 [main] DEBUG org.hibernate.boot.internal.ClassLoaderAccessImpl - No temp ClassLoader provided; using live ClassLoader for loading potentially unsafe class : com.veterinary.Pet
23:49:38.109 [main] DEBUG org.hibernate.orm.bytecode.interceptor - To-one property `com.veterinary.Appointment#pet` was mapped with LAZY + NO_PROXY but the class was not enhanced
23:49:38.109 [main] DEBUG org.hibernate.orm.bytecode.interceptor - To-one property `com.veterinary.Appointment#pet` was mapped with LAZY + NO_PROXY but the class was not enhanced
23:49:38.109 [main] DEBUG org.hibernate.orm.bytecode.interceptor - To-one property `com.veterinary.Appointment#veterinarian` was mapped with LAZY + NO_PROXY but the class was not enhanced
23:49:38.109 [main] DEBUG org.hibernate.orm.bytecode.interceptor - To-one property `com.veterinary.Appointment#veterinarian` was mapped with LAZY + NO_PROXY but the class was not enhanced
23:49:38.109 [main] DEBUG org.hibernate.boot.internal.ClassLoaderAccessImpl - Not known whether passed class name [com.veterinary.Appointment] is safe
23:49:38.109 [main] DEBUG org.hibernate.boot.internal.ClassLoaderAccessImpl - No temp ClassLoader provided; using live ClassLoader for loading potentially unsafe class : com.veterinary.Appointment
23:49:38.150 [main] DEBUG org.hibernate.orm.bytecode.interceptor - To-one property `com.veterinary.Appointment#pet` was mapped with LAZY + NO_PROXY but the class was not enhanced
23:49:38.151 [main] DEBUG org.hibernate.orm.bytecode.interceptor - To-one property `com.veterinary.Appointment#veterinarian` was mapped with LAZY + NO_PROXY but the class was not enhanced
23:49:38.151 [main] DEBUG org.hibernate.orm.bytecode.interceptor - To-one property `com.veterinary.Appointment#pet` was mapped with LAZY + NO_PROXY but the class was not enhanced
23:49:38.151 [main] DEBUG org.hibernate.orm.bytecode.interceptor - To-one property `com.veterinary.Appointment#veterinarian` was mapped with LAZY + NO_PROXY but the class was not enhanced
23:49:38.153 [main] DEBUG org.hibernate.boot.internal.ClassLoaderAccessImpl - Not known whether passed class name [com.veterinary.Owner] is safe
23:49:38.153 [main] DEBUG org.hibernate.boot.internal.ClassLoaderAccessImpl - No temp ClassLoader provided; using live ClassLoader for loading potentially unsafe class : com.veterinary.Owner
23:49:38.204 [main] DEBUG org.hibernate.boot.internal.ClassLoaderAccessImpl - Not known whether passed class name [com.veterinary.Veterinarian] is safe
23:49:38.204 [main] DEBUG org.hibernate.boot.internal.ClassLoaderAccessImpl - No temp ClassLoader provided; using live ClassLoader for loading potentially unsafe class : com.veterinary.Veterinarian
23:49:38.237 [main] DEBUG org.hibernate.persister.entity.AbstractEntityPersister - Static SQL for entity: com.veterinary.Pet
23:49:38.237 [main] DEBUG org.hibernate.persister.entity.AbstractEntityPersister -  Version select: select pet_id from pet where pet_id =?
23:49:38.237 [main] DEBUG org.hibernate.persister.entity.AbstractEntityPersister -  Snapshot select: select pet_.pet_id, pet_.name as name2_2_, pet_.owner_id as owner_id4_2_, pet_.species as species3_2_ from pet pet_ where pet_.pet_id=?
23:49:38.237 [main] DEBUG org.hibernate.persister.entity.AbstractEntityPersister -  Insert 0: insert into pet (name, owner_id, species, pet_id) values (?, ?, ?, ?)
23:49:38.237 [main] DEBUG org.hibernate.persister.entity.AbstractEntityPersister -  Update 0: update pet set name=?, owner_id=?, species=? where pet_id=?
23:49:38.237 [main] DEBUG org.hibernate.persister.entity.AbstractEntityPersister -  Delete 0: delete from pet where pet_id=?
23:49:38.238 [main] DEBUG org.hibernate.persister.entity.AbstractEntityPersister -  Identity insert: insert into pet (pet_id, name, owner_id, species) values (default, ?, ?, ?)
23:49:38.293 [main] DEBUG org.hibernate.loader.plan.build.internal.spaces.QuerySpacesImpl - Adding QuerySpace : uid = <gen:0> -> org.hibernate.loader.plan.build.internal.spaces.EntityQuerySpaceImpl@2d21d12b]
23:49:38.294 [main] DEBUG org.hibernate.persister.walking.spi.MetamodelGraphWalker - Visiting attribute path : name
23:49:38.294 [main] DEBUG org.hibernate.persister.walking.spi.MetamodelGraphWalker - Visiting attribute path : owner
23:49:38.298 [main] DEBUG org.hibernate.loader.plan.build.internal.spaces.QuerySpacesImpl - Adding QuerySpace : uid = <gen:1> -> org.hibernate.loader.plan.build.internal.spaces.EntityQuerySpaceImpl@490f2fad]
23:49:38.299 [main] DEBUG org.hibernate.persister.walking.spi.MetamodelGraphWalker - Visiting attribute path : species
23:49:38.299 [main] DEBUG org.hibernate.loader.plan.build.internal.FetchStyleLoadPlanBuildingAssociationVisitationStrategy - Building LoadPlan...
23:49:38.311 [main] DEBUG org.hibernate.loader.plan.exec.internal.LoadQueryJoinAndFetchProcessor - processing queryspace <gen:0>
23:49:38.315 [main] DEBUG org.hibernate.loader.plan.build.spi.LoadPlanTreePrinter - LoadPlan(entity=com.veterinary.Pet)
    - Returns
       - EntityReturnImpl(entity=com.veterinary.Pet, querySpaceUid=<gen:0>, path=com.veterinary.Pet)
          - EntityAttributeFetchImpl(entity=com.veterinary.Owner, querySpaceUid=<gen:1>, path=com.veterinary.Pet.owner)
    - QuerySpaces
       - EntityQuerySpaceImpl(uid=<gen:0>, entity=com.veterinary.Pet)
          - SQL table alias mapping - pet0_
          - alias suffix - 0_
          - suffixed key columns - {pet_id1_2_0_}

23:49:38.317 [main] DEBUG org.hibernate.loader.entity.plan.EntityLoader - Static select for entity com.veterinary.Pet [NONE]: select pet0_.pet_id as pet_id1_2_0_, pet0_.name as name2_2_0_, pet0_.owner_id as owner_id4_2_0_, pet0_.species as species3_2_0_ from pet pet0_ where pet0_.pet_id=?
23:49:38.317 [main] DEBUG org.hibernate.persister.entity.AbstractEntityPersister - Static SQL for entity: com.veterinary.Appointment
23:49:38.317 [main] DEBUG org.hibernate.persister.entity.AbstractEntityPersister -  Version select: select id from appointment where id =?
23:49:38.317 [main] DEBUG org.hibernate.persister.entity.AbstractEntityPersister -  Snapshot select: select appointmen_.id, appointmen_.appointmentDate as appointm2_0_, appointmen_.appointmentTime as appointm3_0_, appointmen_.diagnosisTreatment as diagnosi4_0_, appointmen_.isVaccinated as isvaccin5_0_, appointmen_.pet_id as pet_id6_0_, appointmen_.vet_id as vet_id7_0_ from appointment appointmen_ where appointmen_.id=?
23:49:38.317 [main] DEBUG org.hibernate.persister.entity.AbstractEntityPersister -  Insert 0: insert into appointment (appointmentDate, appointmentTime, diagnosisTreatment, isVaccinated, pet_id, vet_id, id) values (?, ?, ?, ?, ?, ?, ?)
23:49:38.317 [main] DEBUG org.hibernate.persister.entity.AbstractEntityPersister -  Update 0: update appointment set appointmentDate=?, appointmentTime=?, diagnosisTreatment=?, isVaccinated=?, pet_id=?, vet_id=? where id=?
23:49:38.317 [main] DEBUG org.hibernate.persister.entity.AbstractEntityPersister -  Delete 0: delete from appointment where id=?
23:49:38.317 [main] DEBUG org.hibernate.persister.entity.AbstractEntityPersister -  Identity insert: insert into appointment (id, appointmentDate, appointmentTime, diagnosisTreatment, isVaccinated, pet_id, vet_id) values (default, ?, ?, ?, ?, ?, ?)
23:49:38.317 [main] DEBUG org.hibernate.loader.plan.build.internal.spaces.QuerySpacesImpl - Adding QuerySpace : uid = <gen:0> -> org.hibernate.loader.plan.build.internal.spaces.EntityQuerySpaceImpl@506d7fed]
23:49:38.317 [main] DEBUG org.hibernate.persister.walking.spi.MetamodelGraphWalker - Visiting attribute path : appointmentDate
23:49:38.317 [main] DEBUG org.hibernate.persister.walking.spi.MetamodelGraphWalker - Visiting attribute path : appointmentTime
23:49:38.317 [main] DEBUG org.hibernate.persister.walking.spi.MetamodelGraphWalker - Visiting attribute path : diagnosisTreatment
23:49:38.317 [main] DEBUG org.hibernate.persister.walking.spi.MetamodelGraphWalker - Visiting attribute path : isVaccinated
23:49:38.317 [main] DEBUG org.hibernate.persister.walking.spi.MetamodelGraphWalker - Visiting attribute path : pet
23:49:38.317 [main] DEBUG org.hibernate.loader.plan.build.internal.spaces.QuerySpacesImpl - Adding QuerySpace : uid = <gen:1> -> org.hibernate.loader.plan.build.internal.spaces.EntityQuerySpaceImpl@381d7c4c]
23:49:38.319 [main] DEBUG org.hibernate.persister.walking.spi.MetamodelGraphWalker - Visiting attribute path : pet.name
23:49:38.319 [main] DEBUG org.hibernate.persister.walking.spi.MetamodelGraphWalker - Visiting attribute path : pet.owner
23:49:38.319 [main] DEBUG org.hibernate.loader.plan.build.internal.spaces.QuerySpacesImpl - Adding QuerySpace : uid = <gen:2> -> org.hibernate.loader.plan.build.internal.spaces.EntityQuerySpaceImpl@7d43c89f]
23:49:38.319 [main] DEBUG org.hibernate.persister.walking.spi.MetamodelGraphWalker - Visiting attribute path : pet.species
23:49:38.319 [main] DEBUG org.hibernate.persister.walking.spi.MetamodelGraphWalker - Visiting attribute path : veterinarian
23:49:38.319 [main] DEBUG org.hibernate.loader.plan.build.internal.spaces.QuerySpacesImpl - Adding QuerySpace : uid = <gen:3> -> org.hibernate.loader.plan.build.internal.spaces.EntityQuerySpaceImpl@149ef64a]
23:49:38.319 [main] DEBUG org.hibernate.persister.walking.spi.MetamodelGraphWalker - Visiting attribute path : veterinarian.experienceYears
23:49:38.319 [main] DEBUG org.hibernate.persister.walking.spi.MetamodelGraphWalker - Visiting attribute path : veterinarian.fullName
23:49:38.319 [main] DEBUG org.hibernate.loader.plan.build.internal.FetchStyleLoadPlanBuildingAssociationVisitationStrategy - Building LoadPlan...
23:49:38.319 [main] DEBUG org.hibernate.loader.plan.exec.internal.LoadQueryJoinAndFetchProcessor - processing queryspace <gen:0>
23:49:38.320 [main] DEBUG org.hibernate.loader.plan.build.spi.LoadPlanTreePrinter - LoadPlan(entity=com.veterinary.Appointment)
    - Returns
       - EntityReturnImpl(entity=com.veterinary.Appointment, querySpaceUid=<gen:0>, path=com.veterinary.Appointment)
          - EntityAttributeFetchImpl(entity=com.veterinary.Pet, querySpaceUid=<gen:1>, path=com.veterinary.Appointment.pet)
             - EntityAttributeFetchImpl(entity=com.veterinary.Owner, querySpaceUid=<gen:2>, path=com.veterinary.Appointment.pet.owner)
          - EntityAttributeFetchImpl(entity=com.veterinary.Veterinarian, querySpaceUid=<gen:3>, path=com.veterinary.Appointment.veterinarian)
    - QuerySpaces
       - EntityQuerySpaceImpl(uid=<gen:0>, entity=com.veterinary.Appointment)
          - SQL table alias mapping - appointmen0_
          - alias suffix - 0_
          - suffixed key columns - {id1_0_0_}
          - JOIN (JoinDefinedByMetadata(pet)) : <gen:0> -> <gen:1>
             - EntityQuerySpaceImpl(uid=<gen:1>, entity=com.veterinary.Pet)
                - SQL table alias mapping - pet1_
                - alias suffix - 1_
                - suffixed key columns - {pet_id1_2_1_}
          - JOIN (JoinDefinedByMetadata(veterinarian)) : <gen:0> -> <gen:3>
             - EntityQuerySpaceImpl(uid=<gen:3>, entity=com.veterinary.Veterinarian)
                - SQL table alias mapping - veterinari2_
                - alias suffix - 2_
                - suffixed key columns - {id1_3_2_}

23:49:38.320 [main] DEBUG org.hibernate.loader.entity.plan.EntityLoader - Static select for entity com.veterinary.Appointment [NONE]: select appointmen0_.id as id1_0_0_, appointmen0_.appointmentDate as appointm2_0_0_, appointmen0_.appointmentTime as appointm3_0_0_, appointmen0_.diagnosisTreatment as diagnosi4_0_0_, appointmen0_.isVaccinated as isvaccin5_0_0_, appointmen0_.pet_id as pet_id6_0_0_, appointmen0_.vet_id as vet_id7_0_0_, pet1_.pet_id as pet_id1_2_1_, pet1_.name as name2_2_1_, pet1_.owner_id as owner_id4_2_1_, pet1_.species as species3_2_1_, veterinari2_.id as id1_3_2_, veterinari2_.experienceYears as experien2_3_2_, veterinari2_.fullName as fullname3_3_2_ from appointment appointmen0_ left outer join pet pet1_ on appointmen0_.pet_id=pet1_.pet_id left outer join veterinarian veterinari2_ on appointmen0_.vet_id=veterinari2_.id where appointmen0_.id=?
23:49:38.320 [main] DEBUG org.hibernate.persister.entity.AbstractEntityPersister - Static SQL for entity: com.veterinary.Owner
23:49:38.320 [main] DEBUG org.hibernate.persister.entity.AbstractEntityPersister -  Version select: select owner_id from owner where owner_id =?
[...]
23:49:39.013 [main] DEBUG org.hibernate.id.IdentifierGeneratorHelper - Natively generated identity: 44
23:49:39.013 [main] DEBUG org.hibernate.resource.jdbc.internal.ResourceRegistryStandardImpl - HHH000387: ResultSet's statement was not registered
23:49:39.013 [main] DEBUG org.hibernate.engine.spi.ActionQueue - Executing identity-insert immediately
23:49:39.013 [main] DEBUG org.hibernate.SQL - insert into owner (owner_id, apartment, city, first_name, house, last_name, middle_name, phone, street) values (default, ?, ?, ?, ?, ?, ?, ?, ?)
23:49:39.014 [main] DEBUG org.hibernate.id.IdentifierGeneratorHelper - Natively generated identity: 42
23:49:39.014 [main] DEBUG org.hibernate.resource.jdbc.internal.ResourceRegistryStandardImpl - HHH000387: ResultSet's statement was not registered
23:49:39.014 [main] DEBUG org.hibernate.engine.spi.ActionQueue - Executing identity-insert immediately
23:49:39.014 [main] DEBUG org.hibernate.SQL - insert into pet (pet_id, name, owner_id, species) values (default, ?, ?, ?)
23:49:39.014 [main] DEBUG org.hibernate.id.IdentifierGeneratorHelper - Natively generated identity: 42
23:49:39.015 [main] DEBUG org.hibernate.resource.jdbc.internal.ResourceRegistryStandardImpl - HHH000387: ResultSet's statement was not registered
23:49:39.015 [main] DEBUG org.hibernate.engine.spi.ActionQueue - Executing identity-insert immediately
23:49:39.015 [main] DEBUG org.hibernate.SQL - insert into appointment (id, appointmentDate, appointmentTime, diagnosisTreatment, isVaccinated, pet_id, vet_id) values (default, ?, ?, ?, ?, ?, ?)
23:49:39.016 [main] DEBUG org.hibernate.id.IdentifierGeneratorHelper - Natively generated identity: 45
23:49:39.016 [main] DEBUG org.hibernate.resource.jdbc.internal.ResourceRegistryStandardImpl - HHH000387: ResultSet's statement was not registered
23:49:39.017 [main] DEBUG org.hibernate.engine.spi.ActionQueue - Executing identity-insert immediately
23:49:39.017 [main] DEBUG org.hibernate.SQL - insert into owner (owner_id, apartment, city, first_name, house, last_name, middle_name, phone, street) values (default, ?, ?, ?, ?, ?, ?, ?, ?)
23:49:39.017 [main] DEBUG org.hibernate.id.IdentifierGeneratorHelper - Natively generated identity: 43
23:49:39.017 [main] DEBUG org.hibernate.resource.jdbc.internal.ResourceRegistryStandardImpl - HHH000387: ResultSet's statement was not registered
23:49:39.017 [main] DEBUG org.hibernate.engine.spi.ActionQueue - Executing identity-insert immediately
23:49:39.017 [main] DEBUG org.hibernate.SQL - insert into pet (pet_id, name, owner_id, species) values (default, ?, ?, ?)
23:49:39.017 [main] DEBUG org.hibernate.id.IdentifierGeneratorHelper - Natively generated identity: 43
23:49:39.017 [main] DEBUG org.hibernate.resource.jdbc.internal.ResourceRegistryStandardImpl - HHH000387: ResultSet's statement was not registered
23:49:39.018 [main] DEBUG org.hibernate.engine.spi.ActionQueue - Executing identity-insert immediately
23:49:39.018 [main] DEBUG org.hibernate.SQL - insert into appointment (id, appointmentDate, appointmentTime, diagnosisTreatment, isVaccinated, pet_id, vet_id) values (default, ?, ?, ?, ?, ?, ?)
23:49:39.018 [main] DEBUG org.hibernate.id.IdentifierGeneratorHelper - Natively generated identity: 46
23:49:39.019 [main] DEBUG org.hibernate.resource.jdbc.internal.ResourceRegistryStandardImpl - HHH000387: ResultSet's statement was not registered
23:49:39.019 [main] DEBUG org.hibernate.engine.spi.ActionQueue - Executing identity-insert immediately
23:49:39.019 [main] DEBUG org.hibernate.SQL - insert into owner (owner_id, apartment, city, first_name, house, last_name, middle_name, phone, street) values (default, ?, ?, ?, ?, ?, ?, ?, ?)
23:49:39.019 [main] DEBUG org.hibernate.id.IdentifierGeneratorHelper - Natively generated identity: 44
23:49:39.019 [main] DEBUG org.hibernate.resource.jdbc.internal.ResourceRegistryStandardImpl - HHH000387: ResultSet's statement was not registered
23:49:39.020 [main] DEBUG org.hibernate.engine.spi.ActionQueue - Executing identity-insert immediately
23:49:39.020 [main] DEBUG org.hibernate.SQL - insert into pet (pet_id, name, owner_id, species) values (default, ?, ?, ?)
23:49:39.020 [main] DEBUG org.hibernate.id.IdentifierGeneratorHelper - Natively generated identity: 44
23:49:39.020 [main] DEBUG org.hibernate.resource.jdbc.internal.ResourceRegistryStandardImpl - HHH000387: ResultSet's statement was not registered
23:49:39.020 [main] DEBUG org.hibernate.engine.spi.ActionQueue - Executing identity-insert immediately
23:49:39.020 [main] DEBUG org.hibernate.SQL - insert into appointment (id, appointmentDate, appointmentTime, diagnosisTreatment, isVaccinated, pet_id, vet_id) values (default, ?, ?, ?, ?, ?, ?)
23:49:39.021 [main] DEBUG org.hibernate.id.IdentifierGeneratorHelper - Natively generated identity: 47
23:49:39.021 [main] DEBUG org.hibernate.resource.jdbc.internal.ResourceRegistryStandardImpl - HHH000387: ResultSet's statement was not registered
23:49:39.021 [main] DEBUG org.hibernate.engine.spi.ActionQueue - Executing identity-insert immediately
23:49:39.021 [main] DEBUG org.hibernate.SQL - insert into appointment (id, appointmentDate, appointmentTime, diagnosisTreatment, isVaccinated, pet_id, vet_id) values (default, ?, ?, ?, ?, ?, ?)
23:49:39.023 [main] DEBUG org.hibernate.id.IdentifierGeneratorHelper - Natively generated identity: 48
23:49:39.023 [main] DEBUG org.hibernate.resource.jdbc.internal.ResourceRegistryStandardImpl - HHH000387: ResultSet's statement was not registered
23:49:39.024 [main] DEBUG org.hibernate.engine.transaction.internal.TransactionImpl - committing
23:49:39.024 [main] DEBUG org.hibernate.event.internal.AbstractFlushingEventListener - Processing flush-time cascades
23:49:39.024 [main] DEBUG org.hibernate.event.internal.AbstractFlushingEventListener - Dirty checking collections
23:49:39.025 [main] DEBUG org.hibernate.event.internal.AbstractFlushingEventListener - Flushed: 0 insertions, 0 updates, 0 deletions to 37 objects
23:49:39.025 [main] DEBUG org.hibernate.event.internal.AbstractFlushingEventListener - Flushed: 0 (re)creations, 0 updates, 0 removals to 0 collections
23:49:39.025 [main] DEBUG org.hibernate.internal.util.EntityPrinter - Listing entities:
23:49:39.025 [main] DEBUG org.hibernate.internal.util.EntityPrinter - com.veterinary.Appointment{diagnosisTreatment=Лікування кон'юнктивіту, appointmentTime=12:15, isVaccinated=false, veterinarian=com.veterinary.Veterinarian#12, id=45, appointmentDate=2024-09-16, pet=com.veterinary.Pet#42}
23:49:39.026 [main] DEBUG org.hibernate.internal.util.EntityPrinter - com.veterinary.Appointment{diagnosisTreatment=Щеплення від сказу, appointmentTime=10:30, isVaccinated=true, veterinarian=com.veterinary.Veterinarian#11, id=44, appointmentDate=2024-09-16, pet=com.veterinary.Pet#41}
23:49:39.026 [main] DEBUG org.hibernate.internal.util.EntityPrinter - com.veterinary.Appointment{diagnosisTreatment=Огляд після лікування, appointmentTime=09:45, isVaccinated=false, veterinarian=com.veterinary.Veterinarian#11, id=47, appointmentDate=2024-09-17, pet=com.veterinary.Pet#44}
23:49:39.026 [main] DEBUG org.hibernate.internal.util.EntityPrinter - com.veterinary.Appointment{diagnosisTreatment=Комплексне щеплення, огляд, appointmentTime=15:00, isVaccinated=true, veterinarian=com.veterinary.Veterinarian#10, id=46, appointmentDate=2024-09-16, pet=com.veterinary.Pet#43}
23:49:39.026 [main] DEBUG org.hibernate.internal.util.EntityPrinter - com.veterinary.Veterinarian{fullName=Петренко Ірина Василівна, id=10, experienceYears=10}
23:49:39.026 [main] DEBUG org.hibernate.internal.util.EntityPrinter - com.veterinary.Appointment{diagnosisTreatment=Комплексне щеплення, огляд, appointmentTime=13:30, isVaccinated=true, veterinarian=com.veterinary.Veterinarian#12, id=48, appointmentDate=2024-09-17, pet=com.veterinary.Pet#36}
23:49:39.026 [main] DEBUG org.hibernate.internal.util.EntityPrinter - com.veterinary.Veterinarian{fullName=Мельник Оксана Петрівна, id=12, experienceYears=12}
23:49:39.026 [main] DEBUG org.hibernate.internal.util.EntityPrinter - com.veterinary.Veterinarian{fullName=Іваненко Андрій Миколайович, id=11, experienceYears=8}
23:49:39.026 [main] DEBUG org.hibernate.internal.util.EntityPrinter - com.veterinary.Pet{owner=com.veterinary.Owner#44, petId=44, species=кіт, name=Річ}
23:49:39.027 [main] DEBUG org.hibernate.internal.util.EntityPrinter - com.veterinary.Owner{firstName=Михайло, lastName=Ковальчук, city=м. Київ, phone=380501112131, street=Дорогожицька, middleName=Іванович, ownerId=44, house=2, apartment=null}
23:49:39.027 [main] DEBUG org.hibernate.internal.util.EntityPrinter - com.veterinary.Owner{firstName=Наталія, lastName=Гончарук, city=м. Київ, phone=380508888888, street=Велика Васильківська, middleName=Вікторівна, ownerId=41, house=7, apartment=null}
23:49:39.027 [main] DEBUG org.hibernate.internal.util.EntityPrinter - com.veterinary.Owner{firstName=Павло, lastName=Шевчук, city=м. Київ, phone=380507777777, street=Антоновича, middleName=Миколайович, ownerId=40, house=72, apartment=null}
23:49:39.027 [main] DEBUG org.hibernate.internal.util.EntityPrinter - com.veterinary.Owner{firstName=Катерина, lastName=Павленко, city=м. Київ, phone=380501010101, street=Олени Теліги, middleName=Сергіївна, ownerId=43, house=18, apartment=null}
23:49:39.027 [main] DEBUG org.hibernate.internal.util.EntityPrinter - com.veterinary.Owner{firstName=Артем, lastName=Лисенко, city=м. Київ, phone=380509999999, street=Дегтярівська, middleName=Олексійович, ownerId=42, house=33, apartment=null}
23:49:39.027 [main] DEBUG org.hibernate.internal.util.EntityPrinter - com.veterinary.Owner{firstName=Оля, lastName=Ткаченко, city=м. Київ, phone=380504444444, street=Хрещатик, middleName=Ігорівна, ownerId=37, house=25, apartment=null}
23:49:39.027 [main] DEBUG org.hibernate.internal.util.EntityPrinter - com.veterinary.Owner{firstName=Дмитро, lastName=Бондаренко, city=м. Київ, phone=380503333333, street=просп. Перемоги, middleName=Сергійович, ownerId=36, house=33, apartment=null}
23:49:39.027 [main] DEBUG org.hibernate.internal.util.EntityPrinter - com.veterinary.Owner{firstName=Ірина, lastName=Марченко, city=м. Київ, phone=380506666666, street=Богдана Хмельницького, middleName=Олегівна, ownerId=39, house=10, apartment=null}
23:49:39.027 [main] DEBUG org.hibernate.internal.util.EntityPrinter - com.veterinary.Owner{firstName=Сергій, lastName=Коваленко, city=м. Київ, phone=380505555555, street=Саксаганського, middleName=Володимирович, ownerId=38, house=7, apartment=null}
23:49:39.027 [main] DEBUG org.hibernate.internal.util.EntityPrinter - com.veterinary.Owner{firstName=Марія, lastName=Сидоренко, city=м. Київ, phone=380502222222, street=Лесі Українки, middleName=Олексіївна, ownerId=35, house=5, apartment=null}
23:49:39.027 [main] DEBUG org.hibernate.internal.util.EntityPrinter - com.veterinary.Owner{firstName=Олег, lastName=Коваленко, city=м. Київ, phone=380501111111, street=Шевченка, middleName=Іванович, ownerId=34, house=12, apartment=5}
23:49:39.027 [main] DEBUG org.hibernate.internal.util.EntityPrinter - com.veterinary.Pet{owner=com.veterinary.Owner#40, petId=40, species=кіт, name=Сімба}
23:49:39.027 [main] DEBUG org.hibernate.internal.util.EntityPrinter - More......
23:49:39.029 [main] DEBUG org.hibernate.resource.jdbc.internal.LogicalConnectionManagedImpl - Initiating JDBC connection release from afterTransaction
23:49:39.029 [main] DEBUG org.hibernate.resource.jdbc.internal.LogicalConnectionManagedImpl - Initiating JDBC connection release from afterTransaction
>>> Дані про запис успішно додано!
23:49:39.030 [main] DEBUG org.hibernate.engine.transaction.internal.TransactionImpl - On TransactionImpl creation, JpaCompliance#isJpaTransactionComplianceEnabled == false
23:49:39.030 [main] DEBUG org.hibernate.engine.transaction.internal.TransactionImpl - begin
23:49:39.031 [main] DEBUG org.hibernate.SQL - select appointmen0_.appointmentDate as col_0_0_, appointmen0_.appointmentTime as col_1_0_, owner2_.last_name as col_2_0_, owner2_.first_name as col_3_0_, owner2_.middle_name as col_4_0_, owner2_.phone as col_5_0_, owner2_.city as col_6_0_, owner2_.street as col_7_0_, owner2_.house as col_8_0_, owner2_.apartment as col_9_0_, pet1_.name as col_10_0_, pet1_.species as col_11_0_, veterinari3_.fullName as col_12_0_, veterinari3_.experienceYears as col_13_0_, appointmen0_.diagnosisTreatment as col_14_0_, appointmen0_.isVaccinated as col_15_0_ from appointment appointmen0_ inner join pet pet1_ on appointmen0_.pet_id=pet1_.pet_id inner join owner owner2_ on pet1_.owner_id=owner2_.owner_id inner join veterinarian veterinari3_ on appointmen0_.vet_id=veterinari3_.id order by appointmen0_.appointmentDate, appointmen0_.appointmentTime
23:49:39.034 [main] DEBUG org.hibernate.loader.Loader - Result set row: 0
23:49:39.034 [main] DEBUG org.hibernate.loader.Loader - Result row: 
23:49:39.034 [main] DEBUG org.hibernate.loader.Loader - Result set row: 1
23:49:39.034 [main] DEBUG org.hibernate.loader.Loader - Result row: 
23:49:39.034 [main] DEBUG org.hibernate.loader.Loader - Result set row: 2
23:49:39.034 [main] DEBUG org.hibernate.loader.Loader - Result row: 
23:49:39.034 [main] DEBUG org.hibernate.loader.Loader - Result set row: 3
23:49:39.034 [main] DEBUG org.hibernate.loader.Loader - Result row: 
23:49:39.034 [main] DEBUG org.hibernate.loader.Loader - Result set row: 4
23:49:39.034 [main] DEBUG org.hibernate.loader.Loader - Result row: 
23:49:39.035 [main] DEBUG org.hibernate.loader.Loader - Result set row: 5
23:49:39.035 [main] DEBUG org.hibernate.loader.Loader - Result row: 
23:49:39.035 [main] DEBUG org.hibernate.loader.Loader - Result set row: 6
23:49:39.035 [main] DEBUG org.hibernate.loader.Loader - Result row: 
23:49:39.035 [main] DEBUG org.hibernate.loader.Loader - Result set row: 7
23:49:39.035 [main] DEBUG org.hibernate.loader.Loader - Result row: 
23:49:39.035 [main] DEBUG org.hibernate.loader.Loader - Result set row: 8
23:49:39.035 [main] DEBUG org.hibernate.loader.Loader - Result row: 
23:49:39.035 [main] DEBUG org.hibernate.loader.Loader - Result set row: 9
23:49:39.035 [main] DEBUG org.hibernate.loader.Loader - Result row: 
23:49:39.035 [main] DEBUG org.hibernate.loader.Loader - Result set row: 10
23:49:39.035 [main] DEBUG org.hibernate.loader.Loader - Result row: 
23:49:39.036 [main] DEBUG org.hibernate.loader.Loader - Result set row: 11
23:49:39.036 [main] DEBUG org.hibernate.loader.Loader - Result row: 

-------------------------------------------------------------------------------------------------------------------
| Власник                   | Тварина         | Ветеринар                 | Дата         | Час   |
-------------------------------------------------------------------------------------------------------------------
| Коваленко О.              | Барсік (кіт)    | Петренко Ірина Василівна  | 2024-09-14   | 10:00 |
| Сидоренко М.              | Рекс (собака)   | Петренко Ірина Василівна  | 2024-09-14   | 11:30 |
| Бондаренко Д.             | Муся (кішка)    | Іваненко Андрій Миколайович | 2024-09-14   | 14:20 |
| Ткаченко О.               | Джек (собака)   | Мельник Оксана Петрівна   | 2024-09-14   | 15:10 |
| Коваленко С.              | Зоря (кішка)    | Мельник Оксана Петрівна   | 2024-09-15   | 09:15 |
| Марченко І.               | Буч (собака)    | Мельник Оксана Петрівна   | 2024-09-15   | 11:00 |
| Шевчук П.                 | Сімба (кіт)     | Петренко Ірина Василівна  | 2024-09-15   | 14:45 |
| Гончарук Н.               | Лапа (собака)   | Іваненко Андрій Миколайович | 2024-09-16   | 10:30 |
| Лисенко А.                | Мурка (кішка)   | Мельник Оксана Петрівна   | 2024-09-16   | 12:15 |
| Павленко К.               | Тедді (собака)  | Петренко Ірина Василівна  | 2024-09-16   | 15:00 |
| Ковальчук М.              | Річ (кіт)       | Іваненко Андрій Миколайович | 2024-09-17   | 09:45 |
| Бондаренко Д.             | Муся (кішка)    | Мельник Оксана Петрівна   | 2024-09-17   | 13:30 |
-------------------------------------------------------------------------------------------------------------------

23:49:39.036 [main] DEBUG org.hibernate.engine.transaction.internal.TransactionImpl - committing
23:49:39.037 [main] DEBUG org.hibernate.resource.jdbc.internal.LogicalConnectionManagedImpl - Initiating JDBC connection release from afterTransaction
23:49:39.037 [main] DEBUG org.hibernate.resource.jdbc.internal.LogicalConnectionManagedImpl - Initiating JDBC connection release from afterTransaction
23:49:39.038 [main] DEBUG org.hibernate.engine.transaction.internal.TransactionImpl - On TransactionImpl creation, JpaCompliance#isJpaTransactionComplianceEnabled == false
23:49:39.038 [main] DEBUG org.hibernate.engine.transaction.internal.TransactionImpl - begin
>>> Очищення бази даних...
23:49:39.038 [main] DEBUG org.hibernate.SQL - delete from appointment
23:49:39.039 [main] DEBUG org.hibernate.SQL - delete from pet
23:49:39.039 [main] DEBUG org.hibernate.SQL - delete from owner
23:49:39.040 [main] DEBUG org.hibernate.SQL - delete from veterinarian
23:49:39.040 [main] DEBUG org.hibernate.engine.transaction.internal.TransactionImpl - committing
23:49:39.041 [main] DEBUG org.hibernate.resource.jdbc.internal.LogicalConnectionManagedImpl - Initiating JDBC connection release from afterTransaction
23:49:39.041 [main] DEBUG org.hibernate.resource.jdbc.internal.LogicalConnectionManagedImpl - Initiating JDBC connection release from afterTransaction
>>> База даних повністю очищена!
23:49:39.041 [main] DEBUG org.hibernate.engine.transaction.internal.TransactionImpl - On TransactionImpl creation, JpaCompliance#isJpaTransactionComplianceEnabled == false
23:49:39.041 [main] DEBUG org.hibernate.engine.transaction.internal.TransactionImpl - begin
23:49:39.042 [main] DEBUG org.hibernate.SQL - select appointmen0_.appointmentDate as col_0_0_, appointmen0_.appointmentTime as col_1_0_, owner2_.last_name as col_2_0_, owner2_.first_name as col_3_0_, owner2_.middle_name as col_4_0_, owner2_.phone as col_5_0_, owner2_.city as col_6_0_, owner2_.street as col_7_0_, owner2_.house as col_8_0_, owner2_.apartment as col_9_0_, pet1_.name as col_10_0_, pet1_.species as col_11_0_, veterinari3_.fullName as col_12_0_, veterinari3_.experienceYears as col_13_0_, appointmen0_.diagnosisTreatment as col_14_0_, appointmen0_.isVaccinated as col_15_0_ from appointment appointmen0_ inner join pet pet1_ on appointmen0_.pet_id=pet1_.pet_id inner join owner owner2_ on pet1_.owner_id=owner2_.owner_id inner join veterinarian veterinari3_ on appointmen0_.vet_id=veterinari3_.id order by appointmen0_.appointmentDate, appointmen0_.appointmentTime
!!! Увага: База даних порожня.
23:49:39.042 [main] DEBUG org.hibernate.engine.transaction.internal.TransactionImpl - committing
23:49:39.042 [main] DEBUG org.hibernate.resource.jdbc.internal.LogicalConnectionManagedImpl - Initiating JDBC connection release from afterTransaction
23:49:39.043 [main] DEBUG org.hibernate.resource.jdbc.internal.LogicalConnectionManagedImpl - Initiating JDBC connection release from afterTransaction
]]></system-out>
  </testcase>
  <testcase name="mainMethod_catchBranch_whenNoPostgres" classname="com.veterinary.VeterinaryApplicationTest" time="0.004">
    <system-out><![CDATA[23:49:39.045 [main] DEBUG org.hibernate.integrator.internal.IntegratorServiceImpl - Adding Integrator [org.hibernate.cfg.beanvalidation.BeanValidationIntegrator].
23:49:39.045 [main] DEBUG org.hibernate.integrator.internal.IntegratorServiceImpl - Adding Integrator [org.hibernate.secure.spi.JaccIntegrator].
23:49:39.045 [main] DEBUG org.hibernate.integrator.internal.IntegratorServiceImpl - Adding Integrator [org.hibernate.cache.internal.CollectionCacheInvalidator].
]]></system-out>
    <system-err><![CDATA[���筠 ������� ?�?�?��?���?�: Could not locate cfg.xml resource [hibernate.cfg.xml]
]]></system-err>
  </testcase>
  <testcase name="entities_allGettersSettersToString" classname="com.veterinary.VeterinaryApplicationTest" time="0.012"/>
</testsuite>